2022-08-09T22:33:34.526074+0300 | ERROR | Unexpected error: Bot token is not defined
Traceback (most recent call last):

> File "D:\python_basic_diploma\main.py", line 83, in <module>
    bot.polling(none_stop=True, interval=0)
    │   └ <function TeleBot.polling at 0x000001D0A6E48670>
    └ <telebot.TeleBot object at 0x000001D0A42C7C10>

  File "D:\Python\lib\site-packages\telebot\__init__.py", line 946, in polling
    self.__threaded_polling(non_stop=non_stop, interval=interval, timeout=timeout, long_polling_timeout=long_polling_timeout,
    │                                │                  │                 │                             └ 20
    │                                │                  │                 └ 20
    │                                │                  └ 0
    │                                └ True
    └ <telebot.TeleBot object at 0x000001D0A42C7C10>

  File "D:\Python\lib\site-packages\telebot\__init__.py", line 1021, in __threaded_polling
    raise e

  File "D:\Python\lib\site-packages\telebot\__init__.py", line 976, in __threaded_polling
    polling_thread.raise_exceptions()
    │              └ <function WorkerThread.raise_exceptions at 0x000001D0A4A16B90>
    └ <WorkerThread(PollingThread, stopped daemon 904)>

  File "D:\Python\lib\site-packages\telebot\util.py", line 116, in raise_exceptions
    raise self.exception_info
          │    └ Exception('Bot token is not defined')
          └ <WorkerThread(PollingThread, stopped daemon 904)>

  File "D:\Python\lib\site-packages\telebot\util.py", line 98, in run
    task(*args, **kwargs)
    │     │       └ {'allowed_updates': None}
    │     └ (20, 20)
    └ <bound method TeleBot.__retrieve_updates of <telebot.TeleBot object at 0x000001D0A42C7C10>>

  File "D:\Python\lib\site-packages\telebot\__init__.py", line 601, in __retrieve_updates
    updates = self.get_updates(offset=(self.last_update_id + 1),
              │    │                   │    └ 0
              │    │                   └ <telebot.TeleBot object at 0x000001D0A42C7C10>
              │    └ <function TeleBot.get_updates at 0x000001D0A6E3FA30>
              └ <telebot.TeleBot object at 0x000001D0A42C7C10>

  File "D:\Python\lib\site-packages\telebot\__init__.py", line 575, in get_updates
    json_updates = apihelper.get_updates(self.token, offset, limit, timeout, allowed_updates, long_polling_timeout)
                   │         │           │    │      │       │      │        │                └ 20
                   │         │           │    │      │       │      │        └ None
                   │         │           │    │      │       │      └ 20
                   │         │           │    │      │       └ None
                   │         │           │    │      └ 1
                   │         │           │    └ None
                   │         │           └ <telebot.TeleBot object at 0x000001D0A42C7C10>
                   │         └ <function get_updates at 0x000001D0A6E3A170>
                   └ <module 'telebot.apihelper' from 'D:\\Python\\lib\\site-packages\\telebot\\apihelper.py'>

  File "D:\Python\lib\site-packages\telebot\apihelper.py", line 324, in get_updates
    return _make_request(token, method_url, params=payload)
           │             │      │                  └ {'offset': 1, 'timeout': 20, 'long_polling_timeout': 20}
           │             │      └ 'getUpdates'
           │             └ None
           └ <function _make_request at 0x000001D0A6BCC9D0>

  File "D:\Python\lib\site-packages\telebot\apihelper.py", line 80, in _make_request
    raise Exception('Bot token is not defined')

Exception: Bot token is not defined
2022-08-09T22:45:51.142458+0300 | INFO | is_user_in_db called
2022-08-09T22:45:54.997641+0300 | INFO | is_user_in_db called
2022-08-09T22:45:55.323818+0300 | ERROR | Unexpected error: Error 10061 connecting to localhost:6379. Подключение не установлено, т.к. конечный компьютер отверг запрос на подключение.
Traceback (most recent call last):

  File "D:\Python\lib\site-packages\redis\connection.py", line 611, in connect
    sock = self.retry.call_with_retry(
           │    │     └ <function Retry.call_with_retry at 0x000001CEAE0C16C0>
           │    └ <redis.retry.Retry object at 0x000001CEAE6114B0>
           └ Connection<host=localhost,port=6379,db=1>

  File "D:\Python\lib\site-packages\redis\retry.py", line 46, in call_with_retry
    return do()
           └ <function Connection.connect.<locals>.<lambda> at 0x000001CEAE5F4C10>

  File "D:\Python\lib\site-packages\redis\connection.py", line 612, in <lambda>
    lambda: self._connect(), lambda error: self.disconnect(error)
            │    │                         │    └ <function Connection.disconnect at 0x000001CEAE0C2B00>
            │    │                         └ Connection<host=localhost,port=6379,db=1>
            │    └ <function Connection._connect at 0x000001CEAE0C2950>
            └ Connection<host=localhost,port=6379,db=1>

  File "D:\Python\lib\site-packages\redis\connection.py", line 677, in _connect
    raise err
          └ ConnectionRefusedError(10061, 'Подключение не установлено, т.к. конечный компьютер отверг запрос на подключение', None, 10061...

  File "D:\Python\lib\site-packages\redis\connection.py", line 665, in _connect
    sock.connect(socket_address)
    │    │       └ ('127.0.0.1', 6379)
    │    └ <method 'connect' of '_socket.socket' objects>
    └ <socket.socket [closed] fd=-1, family=AddressFamily.AF_INET, type=SocketKind.SOCK_STREAM, proto=0>

ConnectionRefusedError: [WinError 10061] Подключение не установлено, т.к. конечный компьютер отверг запрос на подключение


During handling of the above exception, another exception occurred:


Traceback (most recent call last):

> File "D:\python_basic_diploma\main.py", line 244, in <module>
    bot.polling(none_stop=True, interval=0)
    │   └ <function TeleBot.polling at 0x000001CEAE4E76D0>
    └ <telebot.TeleBot object at 0x000001CEABA03820>

  File "D:\Python\lib\site-packages\telebot\__init__.py", line 946, in polling
    self.__threaded_polling(non_stop=non_stop, interval=interval, timeout=timeout, long_polling_timeout=long_polling_timeout,
    │                                │                  │                 │                             └ 20
    │                                │                  │                 └ 20
    │                                │                  └ 0
    │                                └ True
    └ <telebot.TeleBot object at 0x000001CEABA03820>

  File "D:\Python\lib\site-packages\telebot\__init__.py", line 1021, in __threaded_polling
    raise e

  File "D:\Python\lib\site-packages\telebot\__init__.py", line 977, in __threaded_polling
    self.worker_pool.raise_exceptions()
    │    │           └ <function ThreadPool.raise_exceptions at 0x000001CEAD95F910>
    │    └ <telebot.util.ThreadPool object at 0x000001CEAE5C28F0>
    └ <telebot.TeleBot object at 0x000001CEABA03820>

  File "D:\Python\lib\site-packages\telebot\util.py", line 154, in raise_exceptions
    raise self.exception_info
          │    └ ConnectionError('Error 10061 connecting to localhost:6379. Подключение не установлено, т.к. конечный компьютер отверг запрос ...
          └ <telebot.util.ThreadPool object at 0x000001CEAE5C28F0>

  File "D:\Python\lib\site-packages\telebot\util.py", line 98, in run
    task(*args, **kwargs)
    │     │       └ {}
    │     └ (<telebot.types.Message object at 0x000001CEAE6100A0>,)
    └ <function get_text_messages at 0x000001CEAE5F4700>

  File "D:\python_basic_diploma\main.py", line 232, in get_text_messages
    if not is_user_in_db(message):
           │             └ <telebot.types.Message object at 0x000001CEAE6100A0>
           └ <function is_user_in_db at 0x000001CEAE5C7AC0>

  File "D:\python_basic_diploma\utils\handling.py", line 202, in is_user_in_db
    return redis_db.hget(chat_id, 'state') and redis_db.hget(chat_id, 'language')
           │        │    │                     │        │    └ 5136120598
           │        │    │                     │        └ <function HashCommands.hget at 0x000001CEAE07FAC0>
           │        │    │                     └ Redis<ConnectionPool<Connection<host=localhost,port=6379,db=1>>>
           │        │    └ 5136120598
           │        └ <function HashCommands.hget at 0x000001CEAE07FAC0>
           └ Redis<ConnectionPool<Connection<host=localhost,port=6379,db=1>>>

  File "D:\Python\lib\site-packages\redis\commands\core.py", line 4768, in hget
    return self.execute_command("HGET", name, key)
           │    │                       │     └ 'state'
           │    │                       └ 5136120598
           │    └ <function Redis.execute_command at 0x000001CEAE0DDCF0>
           └ Redis<ConnectionPool<Connection<host=localhost,port=6379,db=1>>>

  File "D:\Python\lib\site-packages\redis\client.py", line 1235, in execute_command
    conn = self.connection or pool.get_connection(command_name, **options)
           │    │             │    │              │               └ {}
           │    │             │    │              └ 'HGET'
           │    │             │    └ <function ConnectionPool.get_connection at 0x000001CEAE0C37F0>
           │    │             └ ConnectionPool<Connection<host=localhost,port=6379,db=1>>
           │    └ None
           └ Redis<ConnectionPool<Connection<host=localhost,port=6379,db=1>>>

  File "D:\Python\lib\site-packages\redis\connection.py", line 1387, in get_connection
    connection.connect()
    │          └ <function Connection.connect at 0x000001CEAE0C28C0>
    └ Connection<host=localhost,port=6379,db=1>

  File "D:\Python\lib\site-packages\redis\connection.py", line 617, in connect
    raise ConnectionError(self._error_message(e))
          │               │    └ <function Connection._error_message at 0x000001CEAE0C29E0>
          │               └ Connection<host=localhost,port=6379,db=1>
          └ <class 'redis.exceptions.ConnectionError'>

redis.exceptions.ConnectionError: Error 10061 connecting to localhost:6379. Подключение не установлено, т.к. конечный компьютер отверг запрос на подключение.
2022-08-09T22:46:06.364523+0300 | INFO | is_user_in_db called
2022-08-09T22:46:10.464855+0300 | ERROR | Unexpected error: Error 10061 connecting to localhost:6379. Подключение не установлено, т.к. конечный компьютер отверг запрос на подключение.
Traceback (most recent call last):

  File "D:\Python\lib\site-packages\redis\connection.py", line 611, in connect
    sock = self.retry.call_with_retry(
           │    │     └ <function Retry.call_with_retry at 0x000001C2213F16C0>
           │    └ <redis.retry.Retry object at 0x000001C221951510>
           └ Connection<host=localhost,port=6379,db=1>

  File "D:\Python\lib\site-packages\redis\retry.py", line 46, in call_with_retry
    return do()
           └ <function Connection.connect.<locals>.<lambda> at 0x000001C221934CA0>

  File "D:\Python\lib\site-packages\redis\connection.py", line 612, in <lambda>
    lambda: self._connect(), lambda error: self.disconnect(error)
            │    │                         │    └ <function Connection.disconnect at 0x000001C2213F2B00>
            │    │                         └ Connection<host=localhost,port=6379,db=1>
            │    └ <function Connection._connect at 0x000001C2213F2950>
            └ Connection<host=localhost,port=6379,db=1>

  File "D:\Python\lib\site-packages\redis\connection.py", line 677, in _connect
    raise err
          └ ConnectionRefusedError(10061, 'Подключение не установлено, т.к. конечный компьютер отверг запрос на подключение', None, 10061...

  File "D:\Python\lib\site-packages\redis\connection.py", line 665, in _connect
    sock.connect(socket_address)
    │    │       └ ('127.0.0.1', 6379)
    │    └ <method 'connect' of '_socket.socket' objects>
    └ <socket.socket [closed] fd=-1, family=AddressFamily.AF_INET, type=SocketKind.SOCK_STREAM, proto=0>

ConnectionRefusedError: [WinError 10061] Подключение не установлено, т.к. конечный компьютер отверг запрос на подключение


During handling of the above exception, another exception occurred:


Traceback (most recent call last):

> File "D:\python_basic_diploma\main.py", line 244, in <module>
    bot.polling(none_stop=True, interval=0)
    │   └ <function TeleBot.polling at 0x000001C2218276D0>
    └ <telebot.TeleBot object at 0x000001C21EC93820>

  File "D:\Python\lib\site-packages\telebot\__init__.py", line 946, in polling
    self.__threaded_polling(non_stop=non_stop, interval=interval, timeout=timeout, long_polling_timeout=long_polling_timeout,
    │                                │                  │                 │                             └ 20
    │                                │                  │                 └ 20
    │                                │                  └ 0
    │                                └ True
    └ <telebot.TeleBot object at 0x000001C21EC93820>

  File "D:\Python\lib\site-packages\telebot\__init__.py", line 1021, in __threaded_polling
    raise e

  File "D:\Python\lib\site-packages\telebot\__init__.py", line 977, in __threaded_polling
    self.worker_pool.raise_exceptions()
    │    │           └ <function ThreadPool.raise_exceptions at 0x000001C220C1F910>
    │    └ <telebot.util.ThreadPool object at 0x000001C2219028F0>
    └ <telebot.TeleBot object at 0x000001C21EC93820>

  File "D:\Python\lib\site-packages\telebot\util.py", line 154, in raise_exceptions
    raise self.exception_info
          │    └ ConnectionError('Error 10061 connecting to localhost:6379. Подключение не установлено, т.к. конечный компьютер отверг запрос ...
          └ <telebot.util.ThreadPool object at 0x000001C2219028F0>

  File "D:\Python\lib\site-packages\telebot\util.py", line 98, in run
    task(*args, **kwargs)
    │     │       └ {}
    │     └ (<telebot.types.Message object at 0x000001C2219500A0>,)
    └ <function get_text_messages at 0x000001C221934700>

  File "D:\python_basic_diploma\main.py", line 232, in get_text_messages
    if not is_user_in_db(message):
           │             └ <telebot.types.Message object at 0x000001C2219500A0>
           └ <function is_user_in_db at 0x000001C221907AC0>

  File "D:\python_basic_diploma\utils\handling.py", line 202, in is_user_in_db
    return redis_db.hget(chat_id, 'state') and redis_db.hget(chat_id, 'language')
           │        │    │                     │        │    └ 5136120598
           │        │    │                     │        └ <function HashCommands.hget at 0x000001C2213AFAC0>
           │        │    │                     └ Redis<ConnectionPool<Connection<host=localhost,port=6379,db=1>>>
           │        │    └ 5136120598
           │        └ <function HashCommands.hget at 0x000001C2213AFAC0>
           └ Redis<ConnectionPool<Connection<host=localhost,port=6379,db=1>>>

  File "D:\Python\lib\site-packages\redis\commands\core.py", line 4768, in hget
    return self.execute_command("HGET", name, key)
           │    │                       │     └ 'state'
           │    │                       └ 5136120598
           │    └ <function Redis.execute_command at 0x000001C22140DCF0>
           └ Redis<ConnectionPool<Connection<host=localhost,port=6379,db=1>>>

  File "D:\Python\lib\site-packages\redis\client.py", line 1235, in execute_command
    conn = self.connection or pool.get_connection(command_name, **options)
           │    │             │    │              │               └ {}
           │    │             │    │              └ 'HGET'
           │    │             │    └ <function ConnectionPool.get_connection at 0x000001C2213F37F0>
           │    │             └ ConnectionPool<Connection<host=localhost,port=6379,db=1>>
           │    └ None
           └ Redis<ConnectionPool<Connection<host=localhost,port=6379,db=1>>>

  File "D:\Python\lib\site-packages\redis\connection.py", line 1387, in get_connection
    connection.connect()
    │          └ <function Connection.connect at 0x000001C2213F28C0>
    └ Connection<host=localhost,port=6379,db=1>

  File "D:\Python\lib\site-packages\redis\connection.py", line 617, in connect
    raise ConnectionError(self._error_message(e))
          │               │    └ <function Connection._error_message at 0x000001C2213F29E0>
          │               └ Connection<host=localhost,port=6379,db=1>
          └ <class 'redis.exceptions.ConnectionError'>

redis.exceptions.ConnectionError: Error 10061 connecting to localhost:6379. Подключение не установлено, т.к. конечный компьютер отверг запрос на подключение.
2022-08-15T21:13:46.533696+0300 | INFO | is_user_in_db called
2022-08-15T21:13:54.474322+0300 | INFO | is_user_in_db called
2022-08-15T21:13:54.479309+0300 | INFO | "help" command is called
2022-08-15T21:13:58.613002+0300 | INFO | 
====================================================================================================

2022-08-15T21:13:58.613992+0300 | INFO | is_user_in_db called
2022-08-15T21:13:58.618988+0300 | INFO | "lowprice" command is called
2022-08-15T21:13:58.619976+0300 | INFO | PRICE
2022-08-15T21:13:58.620970+0300 | INFO | Current state: 1
2022-08-15T21:13:58.623966+0300 | ERROR | Unexpected error: name '_' is not defined
Traceback (most recent call last):

> File "D:\python_basic_diploma\main.py", line 244, in <module>
    bot.polling(none_stop=True, interval=0)
    │   └ <function TeleBot.polling at 0x000001EFA24B76D0>
    └ <telebot.TeleBot object at 0x000001EF9F90AA40>

  File "D:\Python\lib\site-packages\telebot\__init__.py", line 946, in polling
    self.__threaded_polling(non_stop=non_stop, interval=interval, timeout=timeout, long_polling_timeout=long_polling_timeout,
    │                                │                  │                 │                             └ 20
    │                                │                  │                 └ 20
    │                                │                  └ 0
    │                                └ True
    └ <telebot.TeleBot object at 0x000001EF9F90AA40>

  File "D:\Python\lib\site-packages\telebot\__init__.py", line 1021, in __threaded_polling
    raise e

  File "D:\Python\lib\site-packages\telebot\__init__.py", line 977, in __threaded_polling
    self.worker_pool.raise_exceptions()
    │    │           └ <function ThreadPool.raise_exceptions at 0x000001EFA18AF910>
    │    └ <telebot.util.ThreadPool object at 0x000001EFA25C0AC0>
    └ <telebot.TeleBot object at 0x000001EF9F90AA40>

  File "D:\Python\lib\site-packages\telebot\util.py", line 154, in raise_exceptions
    raise self.exception_info
          │    └ NameError("name '_' is not defined")
          └ <telebot.util.ThreadPool object at 0x000001EFA25C0AC0>

  File "D:\Python\lib\site-packages\telebot\util.py", line 98, in run
    task(*args, **kwargs)
    │     │       └ {}
    │     └ (<telebot.types.Message object at 0x000001EFA25C0BB0>,)
    └ <function get_searching_commands at 0x000001EFA25BC4C0>

  File "D:\python_basic_diploma\main.py", line 89, in get_searching_commands
    bot.send_message(chat_id, make_message(message, 'question_'))
    │   │            │        │            └ <telebot.types.Message object at 0x000001EFA25C0BB0>
    │   │            │        └ <function make_message at 0x000001EFA2597880>
    │   │            └ 5136120598
    │   └ <function TeleBot.send_message at 0x000001EFA24C0430>
    └ <telebot.TeleBot object at 0x000001EF9F90AA40>

  File "D:\python_basic_diploma\utils\handling.py", line 103, in make_message
    message = _(prefix + state, msg)
                │        │      └ <telebot.types.Message object at 0x000001EFA25C0BB0>
                │        └ '1'
                └ 'question_'

NameError: name '_' is not defined
2022-08-15T21:16:00.660686+0300 | INFO | 
====================================================================================================

2022-08-15T21:16:00.662670+0300 | INFO | is_user_in_db called
2022-08-15T21:16:02.704901+0300 | INFO | "lowprice" command is called
2022-08-15T21:16:02.705899+0300 | INFO | PRICE
2022-08-15T21:16:02.705899+0300 | INFO | Current state: 1
2022-08-15T21:16:09.160319+0300 | INFO | is_user_in_db called
2022-08-15T21:16:09.373749+0300 | INFO | Parameters for search locations: {'query': 'Las', 'locale': 'ru_RU'}
2022-08-15T21:16:09.374746+0300 | ERROR | Server error: Invalid URL 'None': No scheme supplied. Perhaps you meant http://None?
2022-08-15T21:16:23.697223+0300 | INFO | 
====================================================================================================

2022-08-15T21:16:23.697223+0300 | INFO | is_user_in_db called
2022-08-15T21:16:23.702209+0300 | INFO | "highprice" command is called
2022-08-15T21:16:23.703205+0300 | INFO | PRICE_HIGHEST_FIRST
2022-08-15T21:16:23.704203+0300 | INFO | Current state: 1
2022-08-15T21:16:26.909858+0300 | INFO | is_user_in_db called
2022-08-15T21:16:27.031554+0300 | INFO | Parameters for search locations: {'query': 'new york', 'locale': 'ru_RU'}
2022-08-15T21:16:27.032534+0300 | ERROR | Server error: Invalid URL 'None': No scheme supplied. Perhaps you meant http://None?
2022-08-15T21:17:53.443519+0300 | INFO | 
====================================================================================================

2022-08-15T21:17:53.443519+0300 | INFO | is_user_in_db called
2022-08-15T21:17:55.480245+0300 | INFO | "highprice" command is called
2022-08-15T21:17:55.481244+0300 | INFO | PRICE_HIGHEST_FIRST
2022-08-15T21:17:55.481244+0300 | INFO | Current state: 1
2022-08-15T21:17:57.224468+0300 | INFO | is_user_in_db called
2022-08-15T21:17:57.335153+0300 | INFO | Parameters for search locations: {'query': 'las', 'locale': 'ru_RU'}
2022-08-15T21:17:57.336151+0300 | ERROR | Server error: Invalid URL 'None': No scheme supplied. Perhaps you meant http://None?
2022-08-15T21:18:48.096804+0300 | INFO | 
====================================================================================================

2022-08-15T21:18:48.097804+0300 | INFO | is_user_in_db called
2022-08-15T21:18:50.138313+0300 | INFO | "lowprice" command is called
2022-08-15T21:18:50.138313+0300 | INFO | PRICE
2022-08-15T21:18:50.139312+0300 | INFO | Current state: 1
2022-08-15T21:18:51.435906+0300 | INFO | is_user_in_db called
2022-08-15T21:18:51.600466+0300 | INFO | Parameters for search locations: {'query': 'las', 'locale': 'ru_RU'}
2022-08-15T21:19:31.096071+0300 | INFO | 
====================================================================================================

2022-08-15T21:19:31.096071+0300 | INFO | is_user_in_db called
2022-08-15T21:19:31.100063+0300 | INFO | "lowprice" command is called
2022-08-15T21:19:31.102062+0300 | INFO | PRICE
2022-08-15T21:19:31.103059+0300 | INFO | Current state: 1
2022-08-15T21:19:33.544893+0300 | INFO | is_user_in_db called
2022-08-15T21:19:33.785302+0300 | INFO | Parameters for search locations: {'query': 'las', 'locale': 'ru_RU'}
2022-08-15T21:20:03.562063+0300 | INFO | 
====================================================================================================

2022-08-15T21:20:03.563066+0300 | INFO | is_user_in_db called
2022-08-15T21:20:05.619797+0300 | INFO | "highprice" command is called
2022-08-15T21:20:05.620795+0300 | INFO | PRICE_HIGHEST_FIRST
2022-08-15T21:20:05.620795+0300 | INFO | Current state: 1
2022-08-15T21:20:08.617365+0300 | INFO | is_user_in_db called
2022-08-15T21:20:08.958454+0300 | INFO | Parameters for search locations: {'query': 'new york', 'locale': 'ru_RU'}
2022-08-15T21:26:02.990024+0300 | INFO | is_user_in_db called
2022-08-15T21:26:10.387942+0300 | INFO | is_user_in_db called
2022-08-15T21:26:10.533553+0300 | INFO | Parameters for search locations: {'query': 'Wash', 'locale': 'ru_RU'}
2022-08-15T21:27:01.216722+0300 | INFO | is_user_in_db called
2022-08-15T21:27:07.797743+0300 | INFO | 
====================================================================================================

2022-08-15T21:27:07.798763+0300 | INFO | is_user_in_db called
2022-08-15T21:27:07.803723+0300 | INFO | "highprice" command is called
2022-08-15T21:27:07.803723+0300 | INFO | PRICE_HIGHEST_FIRST
2022-08-15T21:27:07.804718+0300 | INFO | Current state: 1
2022-08-15T21:27:10.257643+0300 | INFO | is_user_in_db called
2022-08-15T21:27:10.384559+0300 | INFO | Parameters for search locations: {'query': 'wash', 'locale': 'ru_RU'}
2022-08-15T21:28:55.863816+0300 | INFO | 
====================================================================================================

2022-08-15T21:28:55.864810+0300 | INFO | is_user_in_db called
2022-08-15T21:28:57.915862+0300 | INFO | "lowprice" command is called
2022-08-15T21:28:57.916856+0300 | INFO | PRICE
2022-08-15T21:28:57.916856+0300 | INFO | Current state: 1
2022-08-15T21:29:00.092946+0300 | INFO | is_user_in_db called
2022-08-15T21:29:00.464481+0300 | INFO | Parameters for search locations: {'query': 'wash', 'locale': 'ru_RU'}
2022-08-15T21:29:01.061276+0300 | INFO | Hotels api(locations) response received: {'message': 'Invalid API key. Go to https://docs.rapidapi.com/docs/keys for more info.'}
2022-08-15T21:29:01.062306+0300 | ERROR | Problems with subscription to hotels api {'message': 'Invalid API key. Go to https://docs.rapidapi.com/docs/keys for more info.'}
2022-08-15T21:29:01.062306+0300 | ERROR | Server error: 
2022-08-15T21:29:38.603816+0300 | INFO | 
====================================================================================================

2022-08-15T21:29:38.606812+0300 | INFO | is_user_in_db called
2022-08-15T21:29:40.642537+0300 | INFO | "lowprice" command is called
2022-08-15T21:29:40.642537+0300 | INFO | PRICE
2022-08-15T21:29:40.643535+0300 | INFO | Current state: 1
2022-08-15T21:29:43.025148+0300 | INFO | is_user_in_db called
2022-08-15T21:29:43.137844+0300 | INFO | Parameters for search locations: {'query': 'wash', 'locale': 'ru_RU'}
2022-08-15T21:29:43.712185+0300 | INFO | Hotels api(locations) response received: {'message': 'Invalid API key. Go to https://docs.rapidapi.com/docs/keys for more info.'}
2022-08-15T21:29:43.712185+0300 | ERROR | Problems with subscription to hotels api {'message': 'Invalid API key. Go to https://docs.rapidapi.com/docs/keys for more info.'}
2022-08-15T21:29:43.712185+0300 | ERROR | Server error: 
2022-08-28T18:28:22.037389+0300 | INFO | 
====================================================================================================

2022-08-28T18:28:22.066324+0300 | INFO | is_user_in_db called
2022-08-28T18:28:24.113276+0300 | INFO | "highprice" command is called
2022-08-28T18:28:24.114274+0300 | INFO | PRICE_HIGHEST_FIRST
2022-08-28T18:28:24.115292+0300 | INFO | Current state: 1
2022-08-28T18:28:25.974972+0300 | INFO | is_user_in_db called
2022-08-28T18:28:26.199370+0300 | INFO | Parameters for search locations: {'query': 'new', 'locale': 'ru_RU'}
2022-08-28T18:29:45.674173+0300 | INFO | 
====================================================================================================

2022-08-28T18:29:45.676165+0300 | INFO | is_user_in_db called
2022-08-28T18:29:47.713772+0300 | INFO | "highprice" command is called
2022-08-28T18:29:47.713772+0300 | INFO | PRICE_HIGHEST_FIRST
2022-08-28T18:29:47.714762+0300 | INFO | Current state: 1
2022-08-28T18:29:49.197063+0300 | INFO | is_user_in_db called
2022-08-28T18:29:49.337648+0300 | INFO | Parameters for search locations: {'query': 'new', 'locale': 'ru_RU'}
2022-08-28T18:29:50.982885+0300 | INFO | Hotels api(locations) response received: {'term': 'new', 'moresuggestions': 10, 'autoSuggestInstance': None, 'trackingID': 'e36cb78739b845f98353fa0fb04533c1', 'misspellingfallback': False, 'suggestions': [{'group': 'CITY_GROUP', 'entities': [{'geoId': '2621', 'destinationId': '1506246', 'landmarkCityDestinationId': None, 'type': 'CITY', 'redirectPage': 'DEFAULT_PAGE', 'latitude': 40.712843, 'longitude': -74.005966, 'searchDetail': None, 'caption': "Нью-Йорк, Нью-Йорк, США (<span class='highlighted'>New</span> York City)", 'name': 'Нью-Йорк'}, {'geoId': '2434', 'destinationId': '1456744', 'landmarkCityDestinationId': None, 'type': 'CITY', 'redirectPage': 'DEFAULT_PAGE', 'latitude': 29.950914, 'longitude': -90.071315, 'searchDetail': None, 'caption': "Новый Орлеан, Луизиана, США (Quận <span class='highlighted'>New</span> Orleans)", 'name': 'Новый Орлеан'}, {'geoId': '553248633938969338', 'destinationId': '10819060', 'landmarkCityDestinationId': None, 'type': 'NEIGHBORHOOD', 'redirectPage': 'DEFAULT_PAGE', 'latitude': 40.759591, 'longitude': -73.984912, 'searchDetail': None, 'caption': 'Центральный Нью-Йорк, Нью-Йорк, Нью-Йорк, США', 'name': 'Центральный Нью-Йорк'}, {'geoId': '177865', 'destinationId': '675357', 'landmarkCityDestinationId': None, 'type': 'CITY', 'redirectPage': 'DEFAULT_PAGE', 'latitude': 28.613939, 'longitude': 77.209023, 'searchDetail': None, 'caption': 'Нью-Дели, Государственный столичный округ Дели, Индия', 'name': 'Нью-Дели'}, {'geoId': '1183', 'destinationId': '1528423', 'landmarkCityDestinationId': None, 'type': 'CITY', 'redirectPage': 'DEFAULT_PAGE', 'latitude': 40.73551, 'longitude': -74.17202, 'searchDetail': None, 'caption': "Ньюарк, Нью-Джерси, США (City of <span class='highlighted'>New</span>ark)", 'name': 'Ньюарк'}, {'geoId': '129440', 'destinationId': '1535616', 'landmarkCityDestinationId': None, 'type': 'NEIGHBORHOOD', 'redirectPage': 'DEFAULT_PAGE', 'latitude': 40.783062, 'longitude': -73.971252, 'searchDetail': None, 'caption': 'Манхэттен, Нью-Йорк, Нью-Йорк, США', 'name': 'Манхэттен'}, {'geoId': '8111', 'destinationId': '1464845', 'landmarkCityDestinationId': None, 'type': 'CITY', 'redirectPage': 'DEFAULT_PAGE', 'latitude': 33.618912, 'longitude': -117.928947, 'searchDetail': None, 'caption': "Пляж <span class='highlighted'>New</span>port Beach, Калифорния, США", 'name': 'Пляж Newport Beach'}]}, {'group': 'HOTEL_GROUP', 'entities': [{'geoId': '1145283', 'destinationId': '198833', 'landmarkCityDestinationId': None, 'type': 'HOTEL', 'redirectPage': 'DEFAULT_PAGE', 'latitude': 25.931004, 'longitude': -80.12186, 'searchDetail': None, 'caption': "<span class='highlighted'>New</span>port Beachside Hotel & Resort, Санни-Айлс-Бич, Флорида, США", 'name': 'Newport Beachside Hotel & Resort'}, {'geoId': '22559893', 'destinationId': '722916576', 'landmarkCityDestinationId': None, 'type': 'HOTEL', 'redirectPage': 'DEFAULT_PAGE', 'latitude': 55.72969, 'longitude': 37.63729, 'searchDetail': None, 'caption': "<span class='highlighted'>New</span> City Inn, Москва, Россия", 'name': 'New City Inn'}, {'geoId': '19768', 'destinationId': '112922', 'landmarkCityDestinationId': None, 'type': 'HOTEL', 'redirectPage': 'DEFAULT_PAGE', 'latitude': 40.76225, 'longitude': -73.97874, 'searchDetail': None, 'caption': "<span class='highlighted'>New</span> York Hilton Midtown, Нью-Йорк, Нью-Йорк, США", 'name': 'New York Hilton Midtown'}, {'geoId': '2234889', 'destinationId': '274496', 'landmarkCityDestinationId': None, 'type': 'HOTEL', 'redirectPage': 'DEFAULT_PAGE', 'latitude': 9.507125, 'longitude': 100.054285, 'searchDetail': None, 'caption': "<span class='highlighted'>New</span> Star Beach Resort, Самуй, Провинция Сураттани, Таиланд", 'name': 'New Star Beach Resort'}, {'geoId': '2853602', 'destinationId': '326110', 'landmarkCityDestinationId': None, 'type': 'HOTEL', 'redirectPage': 'DEFAULT_PAGE', 'latitude': 37.56815, 'longitude': 126.978048, 'searchDetail': None, 'caption': "<span class='highlighted'>New</span> Kukje Hotel, Сеул, Южная Корея", 'name': 'New Kukje Hotel'}, {'geoId': '966253', 'destinationId': '215791', 'landmarkCityDestinationId': None, 'type': 'HOTEL', 'redirectPage': 'DEFAULT_PAGE', 'latitude': 48.1491, 'longitude': 11.53894, 'searchDetail': None, 'caption': "<span class='highlighted'>New</span> Orly, Мюнхен, Бавария (земля), Германия", 'name': 'New Orly'}, {'geoId': '9436613', 'destinationId': '480788', 'landmarkCityDestinationId': None, 'type': 'HOTEL', 'redirectPage': 'DEFAULT_PAGE', 'latitude': 31.776707, 'longitude': 35.228087, 'searchDetail': None, 'caption': "<span class='highlighted'>New</span> Imperial Hotel, Иерусалим, Jerusalem District, Израиль", 'name': 'New Imperial Hotel'}, {'geoId': '6507104', 'destinationId': '441703', 'landmarkCityDestinationId': None, 'type': 'HOTEL', 'redirectPage': 'DEFAULT_PAGE', 'latitude': 39.897317, 'longitude': 116.405745, 'searchDetail': None, 'caption': "<span class='highlighted'>New</span> World Beijing Hotel, Пекин, Пекин (и окрестности), Китай", 'name': 'New World Beijing Hotel'}]}, {'group': 'LANDMARK_GROUP', 'entities': []}, {'group': 'TRANSPORT_GROUP', 'entities': []}], 'geocodeFallback': False}
2022-08-28T18:29:50.983882+0300 | INFO | {'Нью-Йорк, Нью-Йорк, США (New York City)': '1506246', 'Новый Орлеан, Луизиана, США (Quận New Orleans)': '1456744', 'Центральный Нью-Йорк, Нью-Йорк, Нью-Йорк, США': '10819060', 'Нью-Дели, Государственный столичный округ Дели, Индия': '675357', 'Ньюарк, Нью-Джерси, США (City of Newark)': '1528423', 'Манхэттен, Нью-Йорк, Нью-Йорк, США': '1535616', 'Пляж Newport Beach, Калифорния, США': '1464845'}
2022-08-28T18:29:53.326890+0300 | INFO | Function keyboard_handler called with argument: {'id': '3612725923700842752', 'from_user': {'id': 5136120598, 'is_bot': False, 'first_name': 'Константин', 'username': None, 'last_name': 'Давлетов', 'language_code': 'ru', 'can_join_groups': None, 'can_read_all_group_messages': None, 'supports_inline_queries': None, 'is_premium': None, 'added_to_attachment_menu': None}, 'message': {'content_type': 'text', 'id': 1121, 'message_id': 1121, 'from_user': <telebot.types.User object at 0x0000029C1B23DCC0>, 'date': 1661700592, 'chat': <telebot.types.Chat object at 0x0000029C1B23E290>, 'sender_chat': None, 'forward_from': None, 'forward_from_chat': None, 'forward_from_message_id': None, 'forward_signature': None, 'forward_sender_name': None, 'forward_date': None, 'is_automatic_forward': None, 'reply_to_message': None, 'via_bot': None, 'edit_date': None, 'has_protected_content': None, 'media_group_id': None, 'author_signature': None, 'text': 'Выберите город из списка:', 'entities': None, 'caption_entities': None, 'audio': None, 'document': None, 'photo': None, 'sticker': None, 'video': None, 'video_note': None, 'voice': None, 'caption': None, 'contact': None, 'location': None, 'venue': None, 'animation': None, 'dice': None, 'new_chat_member': None, 'new_chat_members': None, 'left_chat_member': None, 'new_chat_title': None, 'new_chat_photo': None, 'delete_chat_photo': None, 'group_chat_created': None, 'supergroup_chat_created': None, 'channel_chat_created': None, 'migrate_to_chat_id': None, 'migrate_from_chat_id': None, 'pinned_message': None, 'invoice': None, 'successful_payment': None, 'connected_website': None, 'reply_markup': <telebot.types.InlineKeyboardMarkup object at 0x0000029C1B23E7D0>, 'json': {'message_id': 1121, 'from': {'id': 5550473457, 'is_bot': True, 'first_name': 'DavletoBot', 'username': 'DavletoBOt'}, 'chat': {'id': 5136120598, 'first_name': 'Константин', 'last_name': 'Давлетов', 'type': 'private'}, 'date': 1661700592, 'text': 'Выберите город из списка:', 'reply_markup': {'inline_keyboard': [[{'text': 'Нью-Йорк, Нью-Йорк, США (New York City)', 'callback_data': 'code1506246'}], [{'text': 'Новый Орлеан, Луизиана, США (Quận New Orleans)', 'callback_data': 'code1456744'}], [{'text': 'Центральный Нью-Йорк, Нью-Йорк, Нью-Йорк, США', 'callback_data': 'code10819060'}], [{'text': 'Нью-Дели, Государственный столичный округ Дели, Индия', 'callback_data': 'code675357'}], [{'text': 'Ньюарк, Нью-Джерси, США (City of Newark)', 'callback_data': 'code1528423'}], [{'text': 'Манхэттен, Нью-Йорк, Нью-Йорк, США', 'callback_data': 'code1535616'}], [{'text': 'Пляж Newport Beach, Калифорния, США', 'callback_data': 'code1464845'}], [{'text': 'Отмена', 'callback_data': 'cancel'}]]}}}, 'inline_message_id': None, 'chat_instance': '7674157534588820255', 'data': 'code1506246', 'game_short_name': None, 'json': {'id': '3612725923700842752', 'from': {'id': 5136120598, 'is_bot': False, 'first_name': 'Константин', 'last_name': 'Давлетов', 'language_code': 'ru'}, 'message': {'message_id': 1121, 'from': {'id': 5550473457, 'is_bot': True, 'first_name': 'DavletoBot', 'username': 'DavletoBOt'}, 'chat': {'id': 5136120598, 'first_name': 'Константин', 'last_name': 'Давлетов', 'type': 'private'}, 'date': 1661700592, 'text': 'Выберите город из списка:', 'reply_markup': {'inline_keyboard': [[{'text': 'Нью-Йорк, Нью-Йорк, США (New York City)', 'callback_data': 'code1506246'}], [{'text': 'Новый Орлеан, Луизиана, США (Quận New Orleans)', 'callback_data': 'code1456744'}], [{'text': 'Центральный Нью-Йорк, Нью-Йорк, Нью-Йорк, США', 'callback_data': 'code10819060'}], [{'text': 'Нью-Дели, Государственный столичный округ Дели, Индия', 'callback_data': 'code675357'}], [{'text': 'Ньюарк, Нью-Джерси, США (City of Newark)', 'callback_data': 'code1528423'}], [{'text': 'Манхэттен, Нью-Йорк, Нью-Йорк, США', 'callback_data': 'code1535616'}], [{'text': 'Пляж Newport Beach, Калифорния, США', 'callback_data': 'code1464845'}], [{'text': 'Отмена', 'callback_data': 'cancel'}]]}}, 'chat_instance': '7674157534588820255', 'data': 'code1506246'}}
2022-08-28T18:29:53.679918+0300 | INFO | Нью-Йорк, Нью-Йорк, США (New York City) selected
2022-08-28T18:29:55.629513+0300 | INFO | is_user_in_db called
2022-08-28T18:29:55.634502+0300 | INFO | Function get_command_settings called with argument: {'content_type': 'text', 'id': 1124, 'message_id': 1124, 'from_user': {'id': 5136120598, 'is_bot': False, 'first_name': 'Константин', 'username': None, 'last_name': 'Давлетов', 'language_code': 'ru', 'can_join_groups': None, 'can_read_all_group_messages': None, 'supports_inline_queries': None, 'is_premium': None, 'added_to_attachment_menu': None}, 'date': 1661700596, 'chat': {'id': 5136120598, 'type': 'private', 'title': None, 'username': None, 'first_name': 'Константин', 'last_name': 'Давлетов', 'photo': None, 'bio': None, 'join_to_send_messages': None, 'join_by_request': None, 'has_private_forwards': None, 'description': None, 'invite_link': None, 'pinned_message': None, 'permissions': None, 'slow_mode_delay': None, 'message_auto_delete_time': None, 'has_protected_content': None, 'sticker_set_name': None, 'can_set_sticker_set': None, 'linked_chat_id': None, 'location': None}, 'sender_chat': None, 'forward_from': None, 'forward_from_chat': None, 'forward_from_message_id': None, 'forward_signature': None, 'forward_sender_name': None, 'forward_date': None, 'is_automatic_forward': None, 'reply_to_message': None, 'via_bot': None, 'edit_date': None, 'has_protected_content': None, 'media_group_id': None, 'author_signature': None, 'text': '3', 'entities': None, 'caption_entities': None, 'audio': None, 'document': None, 'photo': None, 'sticker': None, 'video': None, 'video_note': None, 'voice': None, 'caption': None, 'contact': None, 'location': None, 'venue': None, 'animation': None, 'dice': None, 'new_chat_member': None, 'new_chat_members': None, 'left_chat_member': None, 'new_chat_title': None, 'new_chat_photo': None, 'delete_chat_photo': None, 'group_chat_created': None, 'supergroup_chat_created': None, 'channel_chat_created': None, 'migrate_to_chat_id': None, 'migrate_from_chat_id': None, 'pinned_message': None, 'invoice': None, 'successful_payment': None, 'connected_website': None, 'reply_markup': None, 'json': {'message_id': 1124, 'from': {'id': 5136120598, 'is_bot': False, 'first_name': 'Константин', 'last_name': 'Давлетов', 'language_code': 'ru'}, 'chat': {'id': 5136120598, 'first_name': 'Константин', 'last_name': 'Давлетов', 'type': 'private'}, 'date': 1661700596, 'text': '3'}}
2022-08-28T18:29:55.636495+0300 | INFO | quantity set to 3
2022-08-28T18:29:55.811099+0300 | INFO | Function extract_search_parameters called
2022-08-28T18:29:55.812094+0300 | INFO | parameters: {'language': 'ru', 'state': '0', 'locale': 'ru_RU', 'currency': 'RUB', 'order': 'PRICE_HIGHEST_FIRST', 'destination_id': '1506246', 'destination_name': 'Вест-Йеллоустоун, Монтана, США', 'quantity': '3', 'min_price': '10000', 'max_price': '200000', 'distance': '10'}
2022-08-28T18:29:55.812094+0300 | INFO | Function request_hotels called with argument: page = 1, parameters = {'language': 'ru', 'state': '0', 'locale': 'ru_RU', 'currency': 'RUB', 'order': 'PRICE_HIGHEST_FIRST', 'destination_id': '1506246', 'destination_name': 'Вест-Йеллоустоун, Монтана, США', 'quantity': '3', 'min_price': '10000', 'max_price': '200000', 'distance': '10'}
2022-08-28T18:29:55.812094+0300 | INFO | Search parameters: {'adults1': '1', 'pageNumber': 1, 'destinationId': '1506246', 'pageSize': '3', 'checkOut': '2022-08-29', 'checkIn': '2022-08-28', 'sortOrder': 'PRICE_HIGHEST_FIRST', 'locale': 'ru_RU', 'currency': 'RUB'}
2022-08-28T18:29:58.292659+0300 | INFO | Hotels api(properties/list) response received: {'result': 'OK', 'data': {'body': {'header': 'Нью-Йорк, Нью-Йорк, США', 'query': {'destination': {'id': '1506246', 'value': 'Нью-Йорк, Нью-Йорк, США', 'resolvedLocation': 'CITY:1506246:UNKNOWN:UNKNOWN'}}, 'searchResults': {'totalCount': 1288, 'results': [{'id': 487932, 'name': 'Baccarat Hotel and Residences New York', 'starRating': 5.0, 'urls': {}, 'address': {'streetAddress': '28 West 53rd Street', 'extendedAddress': '', 'locality': 'New York', 'postalCode': '10019', 'region': 'NY', 'countryName': 'United States', 'countryCode': 'us', 'obfuscate': False}, 'guestReviews': {'unformattedRating': 9.2, 'rating': '9,2', 'total': 285, 'scale': 10, 'badge': 'superb', 'badgeText': 'Потрясающе'}, 'landmarks': [{'label': 'Центр города', 'distance': '0,9 км'}, {'label': 'Таймс-сквер', 'distance': '0,9 км'}], 'geoBullets': [], 'ratePlan': {'price': {'current': '71,447 RUB', 'exactCurrent': 71446.93}, 'features': {'paymentPreference': False, 'noCCRequired': False}}, 'neighbourhood': 'Сентрал-Парк-Саут', 'deals': {}, 'messaging': {}, 'badging': {}, 'pimmsAttributes': 'DoubleStamps|MESOTESTUS|D13|TESCO', 'coordinate': {'lat': 40.760949, 'lon': -73.977178}, 'providerType': 'MULTISOURCE', 'supplierHotelId': 9759603, 'isAlternative': False, 'optimizedThumbUrls': {'srpDesktop': 'https://exp.cdn-hotels.com/hotels/10000000/9760000/9759700/9759603/cb049d85_z.jpg?impolicy=fcrop&w=250&h=140&q=high'}}, {'id': 2314076192, 'name': 'The Ritz-Carlton New York, NoMad', 'starRating': 5.0, 'urls': {}, 'address': {'streetAddress': '25 WEST 28TH STREET', 'extendedAddress': '', 'locality': 'New York', 'postalCode': '10001', 'region': 'NY', 'countryName': 'United States', 'countryCode': 'us', 'obfuscate': False}, 'landmarks': [{'label': 'Центр города', 'distance': '1,3 км'}, {'label': 'Таймс-сквер', 'distance': '1,3 км'}], 'geoBullets': [], 'ratePlan': {'price': {'current': '69,364 RUB', 'exactCurrent': 69363.55}, 'features': {'paymentPreference': False, 'noCCRequired': False}}, 'neighbourhood': 'НоМад', 'deals': {}, 'messaging': {}, 'badging': {}, 'pimmsAttributes': 'HRW', 'coordinate': {'lat': 40.745554, 'lon': -73.989417}, 'providerType': 'LOCAL', 'supplierHotelId': 72283631, 'isAlternative': False, 'optimizedThumbUrls': {'srpDesktop': 'https://exp.cdn-hotels.com/hotels/73000000/72290000/72283700/72283631/760eb300_z.jpg?impolicy=fcrop&w=250&h=140&q=high'}}, {'id': 117020, 'name': 'The Mark', 'starRating': 5.0, 'urls': {}, 'address': {'streetAddress': 'Madison Ave at 77th Street', 'extendedAddress': '', 'locality': 'New York', 'postalCode': '10075', 'region': 'NY', 'countryName': 'United States', 'countryCode': 'us', 'obfuscate': False}, 'guestReviews': {'unformattedRating': 9.6, 'rating': '9,6', 'total': 583, 'scale': 10, 'badge': 'exceptional', 'badgeText': 'Великолепно'}, 'landmarks': [{'label': 'Центр города', 'distance': '2,8 км'}, {'label': 'Таймс-сквер', 'distance': '2,7 км'}], 'geoBullets': [], 'ratePlan': {'price': {'current': '67,973 RUB', 'exactCurrent': 67973.02}, 'features': {'paymentPreference': False, 'noCCRequired': False}}, 'neighbourhood': 'Uptown', 'deals': {}, 'messaging': {}, 'badging': {}, 'pimmsAttributes': 'DoubleStamps|D13|TESCO', 'coordinate': {'lat': 40.775147, 'lon': -73.963432}, 'providerType': 'MULTISOURCE', 'supplierHotelId': 19712, 'isAlternative': False, 'optimizedThumbUrls': {'srpDesktop': 'https://exp.cdn-hotels.com/hotels/1000000/20000/19800/19712/cb12ff9a_z.jpg?impolicy=fcrop&w=250&h=140&q=high'}}], 'pagination': {'currentPage': 1, 'pageGroup': 'EXPEDIA_IN_POLYGON', 'nextPageStartIndex': 3, 'nextPageNumber': 2, 'nextPageGroup': 'EXPEDIA_IN_POLYGON'}}, 'sortResults': {'options': [{'label': 'Звездность', 'itemMeta': 'star', 'choices': [{'label': 'Звезды (по убыванию)', 'value': 'STAR_RATING_HIGHEST_FIRST', 'selected': False}, {'label': 'Звезды (по возрастанию)', 'value': 'STAR_RATING_LOWEST_FIRST', 'selected': False}], 'enhancedChoices': []}, {'label': 'Расстояние', 'itemMeta': 'distance', 'choices': [{'label': 'Расстояние до центра города', 'value': 'DISTANCE_FROM_LANDMARK', 'selected': False}], 'enhancedChoices': [{'label': 'Что посмотреть', 'itemMeta': 'landmarks', 'choices': [{'label': 'Центр города', 'id': 1506246.0}, {'label': 'Barclays Center Бруклин', 'id': 1734673.0}, {'label': 'Prudential Center (стадион)', 'id': 1657851.0}, {'label': 'Radio City Music Hall (развлекательный центр и концертный зал)', 'id': 836.0}, {'label': 'Брайант-парк', 'id': 1632970.0}, {'label': 'Бродвей', 'id': 1651810.0}, {'label': 'Карнеги-холл (концертный зал)', 'id': 1768.0}, {'label': 'Конференц-центр Jacob K. Javits', 'id': 1409839.0}, {'label': 'Музей современного искусства', 'id': 1638426.0}, {'label': 'Мэдисон Сквер Гарден (Madison Square Garden)', 'id': 124.0}, {'label': 'Национальный мемориал жертвам 11 сентября', 'id': 1702545.0}, {'label': 'Пятая авеню', 'id': 1693296.0}, {'label': 'Рокфеллеровский центр', 'id': 1651803.0}, {'label': 'Стадион MetLife Stadium', 'id': 1693213.0}, {'label': 'Таймс-сквер', 'id': 1409835.0}, {'label': 'Терминал круизных лайнеров Manhattan', 'id': 1767568.0}, {'label': 'Центральный вокзал', 'id': 1651811.0}, {'label': 'Центральный парк', 'id': 1707357.0}, {'label': 'Штаб-квартира ООН', 'id': 1651837.0}, {'label': 'Эмпайр-стейт-билдинг', 'id': 1651828.0}]}, {'label': 'Вокзалы и станции', 'itemMeta': 'stations', 'choices': [{'label': 'Автовокзал Порт-Аторити', 'id': 1767961.0}, {'label': 'Вокзал Ньюарк-Пенн', 'id': 1732689.0}, {'label': 'Конечная остановка автобуса 42 St. - Port Authority', 'id': 1725640.0}, {'label': 'Станция 34 St. - Penn', 'id': 1725609.0}, {'label': 'Станция Grand Central - 42 St.', 'id': 1730041.0}, {'label': 'Станция Howard Beach JFK Airport', 'id': 1730050.0}, {'label': 'Станция Lexington Av.-63 St.', 'id': 1730132.0}, {'label': 'Станция Queens Plaza', 'id': 1730202.0}, {'label': 'Станция Queensboro Plaza', 'id': 1730203.0}, {'label': 'Станция Times Sq. - 42 St.', 'id': 1730334.0}, {'label': 'Станция World Trade Center', 'id': 1730356.0}, {'label': 'Станция Бруклин-Флэтбуш-Авеню', 'id': 1730722.0}, {'label': 'Станция Джамейка', 'id': 1730452.0}, {'label': 'Станция Джерси-Сити-Ньюпорт', 'id': 1730713.0}, {'label': 'Станция Джерси-Сити-Эксчейндж-Плейс', 'id': 1730710.0}, {'label': 'Станция Нью-Йорк-Пенсильвания', 'id': 1730462.0}, {'label': 'Станция Нью-Йорк-Уэст-32-Стрит', 'id': 1730472.0}, {'label': 'Станция Ньюарк-Интернэшнл-Эйрпорт', 'id': 1752191.0}, {'label': 'Станция Ньюарк-Либерти-Эйрпорт', 'id': 1752192.0}, {'label': 'Станция Хобокен', 'id': 1730712.0}]}, {'label': 'Аэропорты', 'itemMeta': 'airports', 'choices': [{'label': 'Аэропорт Ла-Гуардия (LGA)', 'id': 1412655.0}, {'label': 'Колдуэлл, Нью-Йорк (CDW-графство Эссекс)', 'id': 1661600.0}, {'label': 'Линден, Нью-Джерси (LDJ)', 'id': 1767899.0}, {'label': 'Международный аэропорт Джона Кеннеди (JFK)', 'id': 1662393.0}, {'label': 'Морристаун, Нью-Джерси (MMU-Морристаун, муниципальный)', 'id': 1661606.0}, {'label': 'Нью-Йорк, штат Нью-Йорк (NYS-Гидроаэродром Скайпортс)', 'id': 12680710.0}, {'label': 'Ньюарк, Нью-Джерси (EWR-Либерти, международный)', 'id': 1438803.0}, {'label': 'Тетерборо, Нью-Джерси (TEB)', 'id': 1661609.0}]}]}, {'label': 'Рейтинг гостей', 'itemMeta': 'rating', 'choices': [{'label': 'Рейтинг гостей', 'value': 'GUEST_RATING', 'selected': False}], 'enhancedChoices': []}, {'label': 'Цена', 'itemMeta': 'price', 'selectedChoiceLabel': 'Цена (по убыванию)', 'choices': [{'label': 'Цена (по убыванию)', 'value': 'PRICE_HIGHEST_FIRST', 'selected': True}, {'label': 'Цена (по возрастанию)', 'value': 'PRICE', 'selected': False}], 'enhancedChoices': []}], 'distanceOptionLandmarkId': 1506246.0}, 'filters': {'applied': False, 'name': {'item': {'value': ''}, 'autosuggest': {'additionalUrlParams': {'resolved-location': 'CITY:1506246:UNKNOWN:UNKNOWN', 'q-destination': 'Нью-Йорк, Нью-Йорк, США', 'destination-id': '1506246'}}}, 'starRating': {'applied': False, 'items': [{'value': 5}, {'value': 4}, {'value': 3}, {'value': 2}, {'value': 1}]}, 'guestRating': {'range': {'min': {'defaultValue': 0.0}, 'max': {'defaultValue': 10.0}}}, 'landmarks': {'selectedOrder': [], 'items': [{'label': 'Центр города', 'value': '1506246'}, {'label': 'Таймс-сквер', 'value': '1409835'}, {'label': 'Центральный парк', 'value': '1707357'}, {'label': 'Международный аэропорт Джона Кеннеди (JFK)', 'value': '1662393'}, {'label': 'Рокфеллеровский центр', 'value': '1651803'}, {'label': 'Мэдисон Сквер Гарден (Madison Square Garden)', 'value': '124'}, {'label': 'Бродвей', 'value': '1651810'}, {'label': 'Ньюарк, Нью-Джерси (EWR-Либерти, международный)', 'value': '1438803'}, {'label': 'Станция Times Sq. - 42 St.', 'value': '1730334'}, {'label': 'Аэропорт Ла-Гуардия (LGA)', 'value': '1412655'}, {'label': 'Конференц-центр Jacob K. Javits', 'value': '1409839'}, {'label': 'Центральный вокзал', 'value': '1651811'}, {'label': 'Эмпайр-стейт-билдинг', 'value': '1651828'}, {'label': 'Barclays Center Бруклин', 'value': '1734673'}, {'label': 'Стадион MetLife Stadium', 'value': '1693213'}, {'label': 'Терминал круизных лайнеров Manhattan', 'value': '1767568'}, {'label': 'Radio City Music Hall (развлекательный центр и концертный зал)', 'value': '836'}, {'label': 'Prudential Center (стадион)', 'value': '1657851'}, {'label': 'Автовокзал Порт-Аторити', 'value': '1767961'}, {'label': 'Брайант-парк', 'value': '1632970'}], 'distance': []}, 'neighbourhood': {'applied': False, 'items': [{'label': 'Манхэттен', 'value': '1535616'}, {'label': 'Центральный Нью-Йорк', 'value': '10819060'}, {'label': 'Мидтаун', 'value': '1737998'}, {'label': 'Куинс', 'value': '1633594'}, {'label': 'Сохо', 'value': '1662303'}, {'label': 'Челси', 'value': '1689733'}, {'label': 'Верхний район Уэст-Сайд', 'value': '1497254'}, {'label': 'Верхний район Ист-Сайд', 'value': '1421960'}, {'label': 'Деловой район', 'value': '10795144'}, {'label': 'Нижний Ист-Сайд', 'value': '10789547'}, {'label': 'Ист-Нью-Йорк', 'value': '1748361'}, {'label': 'Гринвич-Виллидж', 'value': '1098'}, {'label': 'Трайбека', 'value': '10781536'}, {'label': 'Ист-Вилладж', 'value': '1705326'}, {'label': 'Мидтаун-Ист', 'value': '1707375'}, {'label': 'Китайский квартал - Chinatown', 'value': '1405436'}, {'label': 'Адская кухня (район Манхэттэна)', 'value': '1737990'}, {'label': 'Восточный Гарлем', 'value': '10819101'}, {'label': 'Юнион-сквер (площадь)', 'value': '1635517'}, {'label': 'Запад Виллидж', 'value': '1772685'}, {'label': 'Мидтаун Уэст', 'value': '1662024'}, {'label': 'НоМад', 'value': '1912146'}, {'label': 'Корейский квартал', 'value': '1912145'}, {'label': 'Район Флэтайрон', 'value': '1749875'}, {'label': 'Бруклин-Хайтс', 'value': '1425089'}, {'label': 'Верхний Манхэттен', 'value': '11047376'}, {'label': 'Бэттери-Парк-сити', 'value': '1750689'}, {'label': 'Чайнатаун Флашинга', 'value': '10790628'}, {'label': 'Грамерси', 'value': '10819103'}, {'label': 'Ньюпорт', 'value': '10819073'}, {'label': 'Бушвик', 'value': '10518043'}, {'label': 'Бэй-Ридж', 'value': '11047364'}, {'label': 'Даунтаун-Ньюарк', 'value': '10517933'}, {'label': 'Краун-Хайтс', 'value': '10518042'}, {'label': 'Бедфорд-Стайвесант', 'value': '1693537'}, {'label': 'Нолита', 'value': '1912144'}, {'label': 'Флэтбуш-Дитмас-Парк', 'value': '11047304'}, {'label': 'Восточный Бронкс', 'value': '10819059'}, {'label': 'Кипс-Бей', 'value': '1912148'}, {'label': 'Ред-Хук', 'value': '1693509'}, {'label': 'Боро-Парк', 'value': '11047412'}, {'label': 'Театральный квартал', 'value': '1634459'}, {'label': 'Уильямсбург', 'value': '1689740'}, {'label': 'Центр Бруклина', 'value': '1662027'}, {'label': 'Гованус', 'value': '10819092'}, {'label': 'Митпэкинг Дистрикт', 'value': '1693283'}, {'label': 'Гарлем', 'value': '1689741'}, {'label': 'Linden Hill (кладбище)', 'value': '1693561'}, {'label': 'Форт-Грин', 'value': '1693508'}, {'label': 'Район Greenpoint', 'value': '1693515'}, {'label': 'Бауэри', 'value': '1693281'}, {'label': 'Мюррей Хилл', 'value': '1693284'}, {'label': 'Парк-Слоуп', 'value': '1693497'}, {'label': '"Маленькая Италия" (итальянский квартал)', 'value': '1634220'}, {'label': 'Гармент Дистрикт', 'value': '1632972'}, {'label': 'Канарси', 'value': '11047361'}, {'label': 'Вашингтон-Хайтс', 'value': '1689739'}, {'label': 'Западный Бронкс', 'value': '10819058'}, {'label': 'Боурум-Хилл', 'value': '1912143'}, {'label': 'Исторический район Стоун-Стрит', 'value': '1812211'}, {'label': 'Полус-Хук', 'value': '11426008'}, {'label': 'Сайпрес-Хилл', 'value': '1734811'}, {'label': 'Блумфильд', 'value': '1711184'}, {'label': 'Йорквилл', 'value': '12508943'}, {'label': 'Террас-Хайтс', 'value': '12487992'}, {'label': 'Сентрал-Парк-Уэст', 'value': '12520292'}, {'label': 'Уотерфронт', 'value': '12526192'}, {'label': 'Rochdale', 'value': '12549583'}, {'label': 'Ditmas Park', 'value': '12538272'}, {'label': 'Auburndale', 'value': '12508855'}, {'label': 'Карнеги-Хилл', 'value': '12514020'}, {'label': 'East Flatbush', 'value': '12541424'}, {'label': 'Westchester Square', 'value': '12546187'}, {'label': 'Ukrainian Village', 'value': '12535013'}, {'label': 'Willowbrook', 'value': '12550624'}, {'label': 'Sutton Place', 'value': '12537705'}, {'label': 'Greenwood', 'value': '12543331'}, {'label': 'Concourse', 'value': '12549595'}, {'label': 'Tremont', 'value': '12544771'}, {'label': 'Mott Haven', 'value': '12549505'}, {'label': 'Midwood', 'value': '12539337'}, {'label': 'Hunters Point', 'value': '12504658'}, {'label': 'Сентрал-Бизнес-Дистрикт', 'value': '12512810'}, {'label': 'Локуст-Манор', 'value': '12494368'}, {'label': 'Гудзон-Сквер', 'value': '12549413'}, {'label': 'Park Versailles', 'value': '12504572'}, {'label': 'Эксчейндж-Плейс', 'value': '12533580'}, {'label': 'Норт-Корона', 'value': '12531241'}, {'label': 'Murray Hill', 'value': '12539331'}, {'label': 'Эксчейндж-Плейс-Север', 'value': '12529272'}, {'label': 'Port Morris', 'value': '12528202'}, {'label': 'Hamilton Heights', 'value': '12528219'}, {'label': 'East Williamsburg', 'value': '12549502'}, {'label': 'Гудзон-Эксчейндж', 'value': '12521939'}, {'label': 'Kensington', 'value': '12544793'}, {'label': 'Lincoln Square', 'value': '12514071'}, {'label': 'Westchester Heights', 'value': '12549598'}, {'label': 'Ленокс-Хилл', 'value': '12522460'}, {'label': 'Bloomingdale', 'value': '12504708'}, {'label': 'East Tremont', 'value': '12528152'}, {'label': 'Brownsville', 'value': '12544796'}, {'label': 'Peter Cooper Village', 'value': '12514185'}, {'label': 'Two Bridges', 'value': '12508936'}, {'label': 'Rose Hill', 'value': '12514355'}, {'label': 'Fordham', 'value': '12522498'}, {'label': 'Turtle Bay', 'value': '12514117'}, {'label': 'Manhattan Valley', 'value': '12528298'}, {'label': 'Highbridge', 'value': '12549612'}, {'label': 'Сентрал-Парк-Саут', 'value': '12549074'}, {'label': 'Briarwood', 'value': '12537553'}, {'label': 'Fort George', 'value': '12522444'}, {'label': 'Bath Beach', 'value': '12546180'}, {'label': 'Uptown', 'value': '12542564'}, {'label': 'Unionport', 'value': '12530636'}, {'label': 'Лефрак-Сити', 'value': '12476042'}, {'label': 'Woodstock', 'value': '12543026'}, {'label': 'Богемный район Пауэрхаус', 'value': '12517585'}, {'label': 'Колгейт-Сентер', 'value': '12517890'}, {'label': 'Gravesend', 'value': '12541301'}, {'label': 'Хадсон-Ярдс', 'value': '12523781'}, {'label': 'Ocean Hill', 'value': '12548042'}, {'label': 'Soundview', 'value': '12530560'}, {'label': 'Castle Hill', 'value': '12508995'}, {'label': 'Midtown South', 'value': '12514070'}, {'label': 'Flatlands', 'value': '12543061'}, {'label': 'Rosebank', 'value': '12549603'}, {'label': 'Central Park North', 'value': '12501535'}, {'label': 'Tudor City', 'value': '12523010'}, {'label': 'Mount Hope', 'value': '12508963'}, {'label': 'Brooklyn Chinatown', 'value': '651190828373909504'}, {'label': 'Sunset Park', 'value': '641602942325948416'}, {'label': 'Van Vorst Park', 'value': '642321812798103552'}]}, 'accommodationType': {'applied': False, 'items': [{'label': 'Апарт-отели', 'value': '20'}, {'label': 'Гостевые дома', 'value': '30'}, {'label': 'Дома для отпуска', 'value': '4'}, {'label': 'Квартиры ', 'value': '15'}, {'label': 'Мини-отели', 'value': '5'}, {'label': 'Мотели', 'value': '7'}, {'label': 'Отели', 'value': '1'}, {'label': 'Хостелы', 'value': '12'}]}, 'facilities': {'applied': False, 'items': [{'label': 'В цену включен Wi-Fi', 'value': '527'}, {'label': 'Для некурящих', 'value': '529'}, {'label': 'Завтрак включен', 'value': '2048'}, {'label': 'Казино', 'value': '2112'}, {'label': 'Круглосуточная стойка регистрации', 'value': '2063'}, {'label': 'Парковка', 'value': '134234112'}, {'label': 'Пункт зарядки электромобилей', 'value': '1073743315'}, {'label': 'Разрешено проживание с домашними животными', 'value': '64'}, {'label': 'С баром', 'value': '515'}, {'label': 'С бассейном', 'value': '128'}, {'label': 'С бизнес-услугами', 'value': '519'}, {'label': 'С ванной в номере', 'value': '517'}, {'label': 'С детскими кроватками', 'value': '525'}, {'label': 'С доступом в интернет', 'value': '8'}, {'label': 'С зонами для курения', 'value': '537'}, {'label': 'С конференц-залами', 'value': '1'}, {'label': 'С кухней', 'value': '32'}, {'label': 'Со смежными номерами', 'value': '523'}, {'label': 'Со спа-салоном', 'value': '539'}, {'label': 'Со спортзалом', 'value': '2'}, {'label': 'С присмотром за детьми', 'value': '521'}, {'label': 'С рестораном', 'value': '256'}, {'label': 'С трансфером до аэропорта', 'value': '513'}]}, 'accessibility': {'applied': False, 'items': [{'label': 'Безбарьерный доступ', 'value': '65536'}, {'label': 'Безбарьерный душ', 'value': '262144'}, {'label': 'Ванная для маломобильных гостей', 'value': '131072'}, {'label': 'Номера для маломобильных гостей', 'value': '541'}, {'label': 'Оборудование для слабослышащих', 'value': '2097152'}, {'label': 'Парковка, приспособленная для маломобильных гостей', 'value': '524288'}, {'label': 'Тактильные указатели со шрифтом Брайля или рельефным шрифтом', 'value': '4194304'}, {'label': 'Удобства в номерах для маломобильных гостей', 'value': '1048576'}]}, 'themesAndTypes': {'applied': False, 'items': [{'label': 'Бутик', 'value': '4'}, {'label': 'Для активного отдыха', 'value': '18'}, {'label': 'Для гольфа', 'value': '26'}, {'label': 'Для деловых людей', 'value': '14'}, {'label': 'Для лыжного спорта', 'value': '28'}, {'label': 'Для семейного отдыха', 'value': '25'}, {'label': 'Для шопинга', 'value': '17'}, {'label': 'Исторические', 'value': '2'}, {'label': 'Класса «люкс»', 'value': '15'}, {'label': 'На виноградниках', 'value': '19'}, {'label': 'Обслуживание гостей ЛГБТК', 'value': '21'}, {'label': 'Пляжные', 'value': '6'}, {'label': 'С казино', 'value': '8'}, {'label': 'Спа', 'value': '27'}]}, 'price': {'label': 'Стоимость (общая)', 'range': {'min': {'defaultValue': 0}, 'max': {'defaultValue': 25000}, 'increments': 250}, 'multiplier': 1}, 'welcomeRewards': {'label': 'Hotels.com™ Rewards', 'items': [{'label': 'Получите штампы', 'value': 'collect'}, {'label': 'Используйте бонусные* сутки', 'value': 'redeem'}]}}, 'pointOfSale': {'currency': {'code': 'RUB', 'symbol': 'RUB', 'separators': ',.', 'format': '{0} RUB'}}, 'miscellaneous': {'pageViewBeaconUrl': '/taps/v1/PageView?deviceType=App-Phone&sort-order=PRICE_HIGHEST_FIRST&rooms=1&destRegionID=1506246&hotelIds=487932,2314076192,117020&adults=1&userAgent=Hotels.com/Android%2080.0.1.9.release-80_0%20(80000660)&userGuid=43fb5c9f-eb1f-463b-b3f0-916583e451b3&pageName=Hotel-Search&slots=HSR_A,HSR_B,HSR_C,HSR_D,HSR_E,HSR_F,HSR_G,HSR_H,HSR_I,HSR_J&children=0&culture=ru_RU&testVersionOverride=4961.0,904.0,7561.0,7215.0,8218.0,8711.0,8928.1,9008.0,8347.2,9004.0,8952.0,7992.2,8915.0,9729.0,9864.0,10155.0,10185.0,10473.0,10320.0,10361.0&domain=ru.hotels.com&userIP=75.164.63.154&action=pageview&publisher=expedia&programId=1', 'showLegalInfoForStrikethroughPrices': True, 'legalInfoForStrikethroughPrices': 'Зачеркнутая цена основана на стандартном тарифе в нашем приложении, установленном и предоставленном объектом размещения.'}, 'pageInfo': {'pageType': 'dateless'}}, 'common': {'pointOfSale': {'numberSeparators': '\xa0,', 'brandName': 'Hotels.com'}, 'tracking': {'omniture': {'s.prop33': 'D=v33', 's.prop32': 'D=v43', 's.prop74': 'search result without dates | ms shown | N', 's.products': 'MULTISOURCE;9759603,LOCAL;72283631,MULTISOURCE;19712', 's.eVar16': 'Mob :: aApp', 's.eVar40': 'D=v0', 's.eVar41': 'RUB', 's.eVar63': '8f970337-bf64-4ab3-838e-7ebf88c97738', 's.eVar42': 'dateless', 's.eVar4': '|SI:anonymous|VS:returnVisitor|HCR:notApplicable|FC:notApplicable|NS:unknown|TI:notApplicable|SM:notApplicable|IR:anonymous|', 's.eVar43': 'ru_RU|HCOM_RU|ru.hotels.com', 's.eVar2': 'Нью-Йорк, Нью-Йорк, США', 's.eVar24': 'MCTC=20;TU=NA;PDID=NULL;MVT=', 's.eVar7': '', 's.server': 'ru.hotels.com', 's.eVar6': '1506246', 's.prop29': 'D=v42', 's.prop27': '43fb5c9f-eb1f-463b-b3f0-916583e451b3', 's.eVar9': 'Price - high to low', 's.eVar69': 'Mob :: aApp', 's.currencyCode': 'RUB', 's.eVar26': 'US:OR:PORTLAND:820', 's.eVar29': 'Mob :: aApp', 's.prop9': '1288', 's.eVar95': 'Unknown', 's.prop7': '1251', 's.eVar31': 'D=v0', 's.eVar32': 'D=v0', 's.eVar33': 'search result without dates', 's.eVar34': 'H1871:007.002,M904:000.000,M3736:000.000,M4440.2,M4869:001.000,M4952:050.001,M4961:001.000,M5184:001.000,M5342:000.000,M5663:000.000,M6388:000.000,M6775:000.000,M6779:000.000,M7015.1,M7192:000.000,M7215:000.000,M7296:000.000,M7305:000.000,M7353:000.000,M7362.0,M7552:023.001,M7870:000.000,M8336:000.000,M8347:019.002,M8692:000.000,M8698:000.000,M8718:000.000,M8915:000.000,M8928:019.001,M8952:000.000,M8976:000.000,M8992:000.000,M9035:000.000,M9220:000.000,M9297:000.000,M9351:000.000,M9431:000.000,M9469:000.000,M9549:000.000,M9729:000.000,M9752:000.000,M9864:000.000,M9924:006.002,M9961:000.000,M9971:000.000,M10001:000.000,M10007:000.000,M10013:002.001,M10121:000.000,M10137:000.000,M10155:000.000,M10185:000.000,M10248:000.000,M10259:000.000,M10268:000.000,M10282:000.000,M10300:000.000,M10320:000.000,M10361:000.000,M10473:000.000,M9215:001.001', 's.eVar13': '389273', 's.events': 'event324,event320', 's.prop18': 'D=v6', 's.prop5': '389273', 's.prop15': '', 's.prop3': 'Нью-Йорк, Нью-Йорк, США', 's.prop14': 'D=v7', 's.prop36': '|SI:anonymous|VS:returnVisitor|HCR:notApplicable|FC:notApplicable|NS:unknown|TI:notApplicable|SM:notApplicable|IR:anonymous|', 's.eVar93': 'aws.us-east-1.unknown', 's.prop2': 'Price - high to low'}}}}}
2022-08-28T18:29:58.294617+0300 | INFO | Function structure_hotels_info called with argument: msd = {'content_type': 'text', 'id': 1124, 'message_id': 1124, 'from_user': {'id': 5136120598, 'is_bot': False, 'first_name': 'Константин', 'username': None, 'last_name': 'Давлетов', 'language_code': 'ru', 'can_join_groups': None, 'can_read_all_group_messages': None, 'supports_inline_queries': None, 'is_premium': None, 'added_to_attachment_menu': None}, 'date': 1661700596, 'chat': {'id': 5136120598, 'type': 'private', 'title': None, 'username': None, 'first_name': 'Константин', 'last_name': 'Давлетов', 'photo': None, 'bio': None, 'join_to_send_messages': None, 'join_by_request': None, 'has_private_forwards': None, 'description': None, 'invite_link': None, 'pinned_message': None, 'permissions': None, 'slow_mode_delay': None, 'message_auto_delete_time': None, 'has_protected_content': None, 'sticker_set_name': None, 'can_set_sticker_set': None, 'linked_chat_id': None, 'location': None}, 'sender_chat': None, 'forward_from': None, 'forward_from_chat': None, 'forward_from_message_id': None, 'forward_signature': None, 'forward_sender_name': None, 'forward_date': None, 'is_automatic_forward': None, 'reply_to_message': None, 'via_bot': None, 'edit_date': None, 'has_protected_content': None, 'media_group_id': None, 'author_signature': None, 'text': '3', 'entities': None, 'caption_entities': None, 'audio': None, 'document': None, 'photo': None, 'sticker': None, 'video': None, 'video_note': None, 'voice': None, 'caption': None, 'contact': None, 'location': None, 'venue': None, 'animation': None, 'dice': None, 'new_chat_member': None, 'new_chat_members': None, 'left_chat_member': None, 'new_chat_title': None, 'new_chat_photo': None, 'delete_chat_photo': None, 'group_chat_created': None, 'supergroup_chat_created': None, 'channel_chat_created': None, 'migrate_to_chat_id': None, 'migrate_from_chat_id': None, 'pinned_message': None, 'invoice': None, 'successful_payment': None, 'connected_website': None, 'reply_markup': None, 'json': {'message_id': 1124, 'from': {'id': 5136120598, 'is_bot': False, 'first_name': 'Константин', 'last_name': 'Давлетов', 'language_code': 'ru'}, 'chat': {'id': 5136120598, 'first_name': 'Константин', 'last_name': 'Давлетов', 'type': 'private'}, 'date': 1661700596, 'text': '3'}}, data = {'result': 'OK', 'data': {'body': {'header': 'Нью-Йорк, Нью-Йорк, США', 'query': {'destination': {'id': '1506246', 'value': 'Нью-Йорк, Нью-Йорк, США', 'resolvedLocation': 'CITY:1506246:UNKNOWN:UNKNOWN'}}, 'searchResults': {'totalCount': 1288, 'results': [{'id': 487932, 'name': 'Baccarat Hotel and Residences New York', 'starRating': 5.0, 'urls': {}, 'address': {'streetAddress': '28 West 53rd Street', 'extendedAddress': '', 'locality': 'New York', 'postalCode': '10019', 'region': 'NY', 'countryName': 'United States', 'countryCode': 'us', 'obfuscate': False}, 'guestReviews': {'unformattedRating': 9.2, 'rating': '9,2', 'total': 285, 'scale': 10, 'badge': 'superb', 'badgeText': 'Потрясающе'}, 'landmarks': [{'label': 'Центр города', 'distance': '0,9 км'}, {'label': 'Таймс-сквер', 'distance': '0,9 км'}], 'geoBullets': [], 'ratePlan': {'price': {'current': '71,447 RUB', 'exactCurrent': 71446.93}, 'features': {'paymentPreference': False, 'noCCRequired': False}}, 'neighbourhood': 'Сентрал-Парк-Саут', 'deals': {}, 'messaging': {}, 'badging': {}, 'pimmsAttributes': 'DoubleStamps|MESOTESTUS|D13|TESCO', 'coordinate': {'lat': 40.760949, 'lon': -73.977178}, 'providerType': 'MULTISOURCE', 'supplierHotelId': 9759603, 'isAlternative': False, 'optimizedThumbUrls': {'srpDesktop': 'https://exp.cdn-hotels.com/hotels/10000000/9760000/9759700/9759603/cb049d85_z.jpg?impolicy=fcrop&w=250&h=140&q=high'}}, {'id': 2314076192, 'name': 'The Ritz-Carlton New York, NoMad', 'starRating': 5.0, 'urls': {}, 'address': {'streetAddress': '25 WEST 28TH STREET', 'extendedAddress': '', 'locality': 'New York', 'postalCode': '10001', 'region': 'NY', 'countryName': 'United States', 'countryCode': 'us', 'obfuscate': False}, 'landmarks': [{'label': 'Центр города', 'distance': '1,3 км'}, {'label': 'Таймс-сквер', 'distance': '1,3 км'}], 'geoBullets': [], 'ratePlan': {'price': {'current': '69,364 RUB', 'exactCurrent': 69363.55}, 'features': {'paymentPreference': False, 'noCCRequired': False}}, 'neighbourhood': 'НоМад', 'deals': {}, 'messaging': {}, 'badging': {}, 'pimmsAttributes': 'HRW', 'coordinate': {'lat': 40.745554, 'lon': -73.989417}, 'providerType': 'LOCAL', 'supplierHotelId': 72283631, 'isAlternative': False, 'optimizedThumbUrls': {'srpDesktop': 'https://exp.cdn-hotels.com/hotels/73000000/72290000/72283700/72283631/760eb300_z.jpg?impolicy=fcrop&w=250&h=140&q=high'}}, {'id': 117020, 'name': 'The Mark', 'starRating': 5.0, 'urls': {}, 'address': {'streetAddress': 'Madison Ave at 77th Street', 'extendedAddress': '', 'locality': 'New York', 'postalCode': '10075', 'region': 'NY', 'countryName': 'United States', 'countryCode': 'us', 'obfuscate': False}, 'guestReviews': {'unformattedRating': 9.6, 'rating': '9,6', 'total': 583, 'scale': 10, 'badge': 'exceptional', 'badgeText': 'Великолепно'}, 'landmarks': [{'label': 'Центр города', 'distance': '2,8 км'}, {'label': 'Таймс-сквер', 'distance': '2,7 км'}], 'geoBullets': [], 'ratePlan': {'price': {'current': '67,973 RUB', 'exactCurrent': 67973.02}, 'features': {'paymentPreference': False, 'noCCRequired': False}}, 'neighbourhood': 'Uptown', 'deals': {}, 'messaging': {}, 'badging': {}, 'pimmsAttributes': 'DoubleStamps|D13|TESCO', 'coordinate': {'lat': 40.775147, 'lon': -73.963432}, 'providerType': 'MULTISOURCE', 'supplierHotelId': 19712, 'isAlternative': False, 'optimizedThumbUrls': {'srpDesktop': 'https://exp.cdn-hotels.com/hotels/1000000/20000/19800/19712/cb12ff9a_z.jpg?impolicy=fcrop&w=250&h=140&q=high'}}], 'pagination': {'currentPage': 1, 'pageGroup': 'EXPEDIA_IN_POLYGON', 'nextPageStartIndex': 3, 'nextPageNumber': 2, 'nextPageGroup': 'EXPEDIA_IN_POLYGON'}}, 'sortResults': {'options': [{'label': 'Звездность', 'itemMeta': 'star', 'choices': [{'label': 'Звезды (по убыванию)', 'value': 'STAR_RATING_HIGHEST_FIRST', 'selected': False}, {'label': 'Звезды (по возрастанию)', 'value': 'STAR_RATING_LOWEST_FIRST', 'selected': False}], 'enhancedChoices': []}, {'label': 'Расстояние', 'itemMeta': 'distance', 'choices': [{'label': 'Расстояние до центра города', 'value': 'DISTANCE_FROM_LANDMARK', 'selected': False}], 'enhancedChoices': [{'label': 'Что посмотреть', 'itemMeta': 'landmarks', 'choices': [{'label': 'Центр города', 'id': 1506246.0}, {'label': 'Barclays Center Бруклин', 'id': 1734673.0}, {'label': 'Prudential Center (стадион)', 'id': 1657851.0}, {'label': 'Radio City Music Hall (развлекательный центр и концертный зал)', 'id': 836.0}, {'label': 'Брайант-парк', 'id': 1632970.0}, {'label': 'Бродвей', 'id': 1651810.0}, {'label': 'Карнеги-холл (концертный зал)', 'id': 1768.0}, {'label': 'Конференц-центр Jacob K. Javits', 'id': 1409839.0}, {'label': 'Музей современного искусства', 'id': 1638426.0}, {'label': 'Мэдисон Сквер Гарден (Madison Square Garden)', 'id': 124.0}, {'label': 'Национальный мемориал жертвам 11 сентября', 'id': 1702545.0}, {'label': 'Пятая авеню', 'id': 1693296.0}, {'label': 'Рокфеллеровский центр', 'id': 1651803.0}, {'label': 'Стадион MetLife Stadium', 'id': 1693213.0}, {'label': 'Таймс-сквер', 'id': 1409835.0}, {'label': 'Терминал круизных лайнеров Manhattan', 'id': 1767568.0}, {'label': 'Центральный вокзал', 'id': 1651811.0}, {'label': 'Центральный парк', 'id': 1707357.0}, {'label': 'Штаб-квартира ООН', 'id': 1651837.0}, {'label': 'Эмпайр-стейт-билдинг', 'id': 1651828.0}]}, {'label': 'Вокзалы и станции', 'itemMeta': 'stations', 'choices': [{'label': 'Автовокзал Порт-Аторити', 'id': 1767961.0}, {'label': 'Вокзал Ньюарк-Пенн', 'id': 1732689.0}, {'label': 'Конечная остановка автобуса 42 St. - Port Authority', 'id': 1725640.0}, {'label': 'Станция 34 St. - Penn', 'id': 1725609.0}, {'label': 'Станция Grand Central - 42 St.', 'id': 1730041.0}, {'label': 'Станция Howard Beach JFK Airport', 'id': 1730050.0}, {'label': 'Станция Lexington Av.-63 St.', 'id': 1730132.0}, {'label': 'Станция Queens Plaza', 'id': 1730202.0}, {'label': 'Станция Queensboro Plaza', 'id': 1730203.0}, {'label': 'Станция Times Sq. - 42 St.', 'id': 1730334.0}, {'label': 'Станция World Trade Center', 'id': 1730356.0}, {'label': 'Станция Бруклин-Флэтбуш-Авеню', 'id': 1730722.0}, {'label': 'Станция Джамейка', 'id': 1730452.0}, {'label': 'Станция Джерси-Сити-Ньюпорт', 'id': 1730713.0}, {'label': 'Станция Джерси-Сити-Эксчейндж-Плейс', 'id': 1730710.0}, {'label': 'Станция Нью-Йорк-Пенсильвания', 'id': 1730462.0}, {'label': 'Станция Нью-Йорк-Уэст-32-Стрит', 'id': 1730472.0}, {'label': 'Станция Ньюарк-Интернэшнл-Эйрпорт', 'id': 1752191.0}, {'label': 'Станция Ньюарк-Либерти-Эйрпорт', 'id': 1752192.0}, {'label': 'Станция Хобокен', 'id': 1730712.0}]}, {'label': 'Аэропорты', 'itemMeta': 'airports', 'choices': [{'label': 'Аэропорт Ла-Гуардия (LGA)', 'id': 1412655.0}, {'label': 'Колдуэлл, Нью-Йорк (CDW-графство Эссекс)', 'id': 1661600.0}, {'label': 'Линден, Нью-Джерси (LDJ)', 'id': 1767899.0}, {'label': 'Международный аэропорт Джона Кеннеди (JFK)', 'id': 1662393.0}, {'label': 'Морристаун, Нью-Джерси (MMU-Морристаун, муниципальный)', 'id': 1661606.0}, {'label': 'Нью-Йорк, штат Нью-Йорк (NYS-Гидроаэродром Скайпортс)', 'id': 12680710.0}, {'label': 'Ньюарк, Нью-Джерси (EWR-Либерти, международный)', 'id': 1438803.0}, {'label': 'Тетерборо, Нью-Джерси (TEB)', 'id': 1661609.0}]}]}, {'label': 'Рейтинг гостей', 'itemMeta': 'rating', 'choices': [{'label': 'Рейтинг гостей', 'value': 'GUEST_RATING', 'selected': False}], 'enhancedChoices': []}, {'label': 'Цена', 'itemMeta': 'price', 'selectedChoiceLabel': 'Цена (по убыванию)', 'choices': [{'label': 'Цена (по убыванию)', 'value': 'PRICE_HIGHEST_FIRST', 'selected': True}, {'label': 'Цена (по возрастанию)', 'value': 'PRICE', 'selected': False}], 'enhancedChoices': []}], 'distanceOptionLandmarkId': 1506246.0}, 'filters': {'applied': False, 'name': {'item': {'value': ''}, 'autosuggest': {'additionalUrlParams': {'resolved-location': 'CITY:1506246:UNKNOWN:UNKNOWN', 'q-destination': 'Нью-Йорк, Нью-Йорк, США', 'destination-id': '1506246'}}}, 'starRating': {'applied': False, 'items': [{'value': 5}, {'value': 4}, {'value': 3}, {'value': 2}, {'value': 1}]}, 'guestRating': {'range': {'min': {'defaultValue': 0.0}, 'max': {'defaultValue': 10.0}}}, 'landmarks': {'selectedOrder': [], 'items': [{'label': 'Центр города', 'value': '1506246'}, {'label': 'Таймс-сквер', 'value': '1409835'}, {'label': 'Центральный парк', 'value': '1707357'}, {'label': 'Международный аэропорт Джона Кеннеди (JFK)', 'value': '1662393'}, {'label': 'Рокфеллеровский центр', 'value': '1651803'}, {'label': 'Мэдисон Сквер Гарден (Madison Square Garden)', 'value': '124'}, {'label': 'Бродвей', 'value': '1651810'}, {'label': 'Ньюарк, Нью-Джерси (EWR-Либерти, международный)', 'value': '1438803'}, {'label': 'Станция Times Sq. - 42 St.', 'value': '1730334'}, {'label': 'Аэропорт Ла-Гуардия (LGA)', 'value': '1412655'}, {'label': 'Конференц-центр Jacob K. Javits', 'value': '1409839'}, {'label': 'Центральный вокзал', 'value': '1651811'}, {'label': 'Эмпайр-стейт-билдинг', 'value': '1651828'}, {'label': 'Barclays Center Бруклин', 'value': '1734673'}, {'label': 'Стадион MetLife Stadium', 'value': '1693213'}, {'label': 'Терминал круизных лайнеров Manhattan', 'value': '1767568'}, {'label': 'Radio City Music Hall (развлекательный центр и концертный зал)', 'value': '836'}, {'label': 'Prudential Center (стадион)', 'value': '1657851'}, {'label': 'Автовокзал Порт-Аторити', 'value': '1767961'}, {'label': 'Брайант-парк', 'value': '1632970'}], 'distance': []}, 'neighbourhood': {'applied': False, 'items': [{'label': 'Манхэттен', 'value': '1535616'}, {'label': 'Центральный Нью-Йорк', 'value': '10819060'}, {'label': 'Мидтаун', 'value': '1737998'}, {'label': 'Куинс', 'value': '1633594'}, {'label': 'Сохо', 'value': '1662303'}, {'label': 'Челси', 'value': '1689733'}, {'label': 'Верхний район Уэст-Сайд', 'value': '1497254'}, {'label': 'Верхний район Ист-Сайд', 'value': '1421960'}, {'label': 'Деловой район', 'value': '10795144'}, {'label': 'Нижний Ист-Сайд', 'value': '10789547'}, {'label': 'Ист-Нью-Йорк', 'value': '1748361'}, {'label': 'Гринвич-Виллидж', 'value': '1098'}, {'label': 'Трайбека', 'value': '10781536'}, {'label': 'Ист-Вилладж', 'value': '1705326'}, {'label': 'Мидтаун-Ист', 'value': '1707375'}, {'label': 'Китайский квартал - Chinatown', 'value': '1405436'}, {'label': 'Адская кухня (район Манхэттэна)', 'value': '1737990'}, {'label': 'Восточный Гарлем', 'value': '10819101'}, {'label': 'Юнион-сквер (площадь)', 'value': '1635517'}, {'label': 'Запад Виллидж', 'value': '1772685'}, {'label': 'Мидтаун Уэст', 'value': '1662024'}, {'label': 'НоМад', 'value': '1912146'}, {'label': 'Корейский квартал', 'value': '1912145'}, {'label': 'Район Флэтайрон', 'value': '1749875'}, {'label': 'Бруклин-Хайтс', 'value': '1425089'}, {'label': 'Верхний Манхэттен', 'value': '11047376'}, {'label': 'Бэттери-Парк-сити', 'value': '1750689'}, {'label': 'Чайнатаун Флашинга', 'value': '10790628'}, {'label': 'Грамерси', 'value': '10819103'}, {'label': 'Ньюпорт', 'value': '10819073'}, {'label': 'Бушвик', 'value': '10518043'}, {'label': 'Бэй-Ридж', 'value': '11047364'}, {'label': 'Даунтаун-Ньюарк', 'value': '10517933'}, {'label': 'Краун-Хайтс', 'value': '10518042'}, {'label': 'Бедфорд-Стайвесант', 'value': '1693537'}, {'label': 'Нолита', 'value': '1912144'}, {'label': 'Флэтбуш-Дитмас-Парк', 'value': '11047304'}, {'label': 'Восточный Бронкс', 'value': '10819059'}, {'label': 'Кипс-Бей', 'value': '1912148'}, {'label': 'Ред-Хук', 'value': '1693509'}, {'label': 'Боро-Парк', 'value': '11047412'}, {'label': 'Театральный квартал', 'value': '1634459'}, {'label': 'Уильямсбург', 'value': '1689740'}, {'label': 'Центр Бруклина', 'value': '1662027'}, {'label': 'Гованус', 'value': '10819092'}, {'label': 'Митпэкинг Дистрикт', 'value': '1693283'}, {'label': 'Гарлем', 'value': '1689741'}, {'label': 'Linden Hill (кладбище)', 'value': '1693561'}, {'label': 'Форт-Грин', 'value': '1693508'}, {'label': 'Район Greenpoint', 'value': '1693515'}, {'label': 'Бауэри', 'value': '1693281'}, {'label': 'Мюррей Хилл', 'value': '1693284'}, {'label': 'Парк-Слоуп', 'value': '1693497'}, {'label': '"Маленькая Италия" (итальянский квартал)', 'value': '1634220'}, {'label': 'Гармент Дистрикт', 'value': '1632972'}, {'label': 'Канарси', 'value': '11047361'}, {'label': 'Вашингтон-Хайтс', 'value': '1689739'}, {'label': 'Западный Бронкс', 'value': '10819058'}, {'label': 'Боурум-Хилл', 'value': '1912143'}, {'label': 'Исторический район Стоун-Стрит', 'value': '1812211'}, {'label': 'Полус-Хук', 'value': '11426008'}, {'label': 'Сайпрес-Хилл', 'value': '1734811'}, {'label': 'Блумфильд', 'value': '1711184'}, {'label': 'Йорквилл', 'value': '12508943'}, {'label': 'Террас-Хайтс', 'value': '12487992'}, {'label': 'Сентрал-Парк-Уэст', 'value': '12520292'}, {'label': 'Уотерфронт', 'value': '12526192'}, {'label': 'Rochdale', 'value': '12549583'}, {'label': 'Ditmas Park', 'value': '12538272'}, {'label': 'Auburndale', 'value': '12508855'}, {'label': 'Карнеги-Хилл', 'value': '12514020'}, {'label': 'East Flatbush', 'value': '12541424'}, {'label': 'Westchester Square', 'value': '12546187'}, {'label': 'Ukrainian Village', 'value': '12535013'}, {'label': 'Willowbrook', 'value': '12550624'}, {'label': 'Sutton Place', 'value': '12537705'}, {'label': 'Greenwood', 'value': '12543331'}, {'label': 'Concourse', 'value': '12549595'}, {'label': 'Tremont', 'value': '12544771'}, {'label': 'Mott Haven', 'value': '12549505'}, {'label': 'Midwood', 'value': '12539337'}, {'label': 'Hunters Point', 'value': '12504658'}, {'label': 'Сентрал-Бизнес-Дистрикт', 'value': '12512810'}, {'label': 'Локуст-Манор', 'value': '12494368'}, {'label': 'Гудзон-Сквер', 'value': '12549413'}, {'label': 'Park Versailles', 'value': '12504572'}, {'label': 'Эксчейндж-Плейс', 'value': '12533580'}, {'label': 'Норт-Корона', 'value': '12531241'}, {'label': 'Murray Hill', 'value': '12539331'}, {'label': 'Эксчейндж-Плейс-Север', 'value': '12529272'}, {'label': 'Port Morris', 'value': '12528202'}, {'label': 'Hamilton Heights', 'value': '12528219'}, {'label': 'East Williamsburg', 'value': '12549502'}, {'label': 'Гудзон-Эксчейндж', 'value': '12521939'}, {'label': 'Kensington', 'value': '12544793'}, {'label': 'Lincoln Square', 'value': '12514071'}, {'label': 'Westchester Heights', 'value': '12549598'}, {'label': 'Ленокс-Хилл', 'value': '12522460'}, {'label': 'Bloomingdale', 'value': '12504708'}, {'label': 'East Tremont', 'value': '12528152'}, {'label': 'Brownsville', 'value': '12544796'}, {'label': 'Peter Cooper Village', 'value': '12514185'}, {'label': 'Two Bridges', 'value': '12508936'}, {'label': 'Rose Hill', 'value': '12514355'}, {'label': 'Fordham', 'value': '12522498'}, {'label': 'Turtle Bay', 'value': '12514117'}, {'label': 'Manhattan Valley', 'value': '12528298'}, {'label': 'Highbridge', 'value': '12549612'}, {'label': 'Сентрал-Парк-Саут', 'value': '12549074'}, {'label': 'Briarwood', 'value': '12537553'}, {'label': 'Fort George', 'value': '12522444'}, {'label': 'Bath Beach', 'value': '12546180'}, {'label': 'Uptown', 'value': '12542564'}, {'label': 'Unionport', 'value': '12530636'}, {'label': 'Лефрак-Сити', 'value': '12476042'}, {'label': 'Woodstock', 'value': '12543026'}, {'label': 'Богемный район Пауэрхаус', 'value': '12517585'}, {'label': 'Колгейт-Сентер', 'value': '12517890'}, {'label': 'Gravesend', 'value': '12541301'}, {'label': 'Хадсон-Ярдс', 'value': '12523781'}, {'label': 'Ocean Hill', 'value': '12548042'}, {'label': 'Soundview', 'value': '12530560'}, {'label': 'Castle Hill', 'value': '12508995'}, {'label': 'Midtown South', 'value': '12514070'}, {'label': 'Flatlands', 'value': '12543061'}, {'label': 'Rosebank', 'value': '12549603'}, {'label': 'Central Park North', 'value': '12501535'}, {'label': 'Tudor City', 'value': '12523010'}, {'label': 'Mount Hope', 'value': '12508963'}, {'label': 'Brooklyn Chinatown', 'value': '651190828373909504'}, {'label': 'Sunset Park', 'value': '641602942325948416'}, {'label': 'Van Vorst Park', 'value': '642321812798103552'}]}, 'accommodationType': {'applied': False, 'items': [{'label': 'Апарт-отели', 'value': '20'}, {'label': 'Гостевые дома', 'value': '30'}, {'label': 'Дома для отпуска', 'value': '4'}, {'label': 'Квартиры ', 'value': '15'}, {'label': 'Мини-отели', 'value': '5'}, {'label': 'Мотели', 'value': '7'}, {'label': 'Отели', 'value': '1'}, {'label': 'Хостелы', 'value': '12'}]}, 'facilities': {'applied': False, 'items': [{'label': 'В цену включен Wi-Fi', 'value': '527'}, {'label': 'Для некурящих', 'value': '529'}, {'label': 'Завтрак включен', 'value': '2048'}, {'label': 'Казино', 'value': '2112'}, {'label': 'Круглосуточная стойка регистрации', 'value': '2063'}, {'label': 'Парковка', 'value': '134234112'}, {'label': 'Пункт зарядки электромобилей', 'value': '1073743315'}, {'label': 'Разрешено проживание с домашними животными', 'value': '64'}, {'label': 'С баром', 'value': '515'}, {'label': 'С бассейном', 'value': '128'}, {'label': 'С бизнес-услугами', 'value': '519'}, {'label': 'С ванной в номере', 'value': '517'}, {'label': 'С детскими кроватками', 'value': '525'}, {'label': 'С доступом в интернет', 'value': '8'}, {'label': 'С зонами для курения', 'value': '537'}, {'label': 'С конференц-залами', 'value': '1'}, {'label': 'С кухней', 'value': '32'}, {'label': 'Со смежными номерами', 'value': '523'}, {'label': 'Со спа-салоном', 'value': '539'}, {'label': 'Со спортзалом', 'value': '2'}, {'label': 'С присмотром за детьми', 'value': '521'}, {'label': 'С рестораном', 'value': '256'}, {'label': 'С трансфером до аэропорта', 'value': '513'}]}, 'accessibility': {'applied': False, 'items': [{'label': 'Безбарьерный доступ', 'value': '65536'}, {'label': 'Безбарьерный душ', 'value': '262144'}, {'label': 'Ванная для маломобильных гостей', 'value': '131072'}, {'label': 'Номера для маломобильных гостей', 'value': '541'}, {'label': 'Оборудование для слабослышащих', 'value': '2097152'}, {'label': 'Парковка, приспособленная для маломобильных гостей', 'value': '524288'}, {'label': 'Тактильные указатели со шрифтом Брайля или рельефным шрифтом', 'value': '4194304'}, {'label': 'Удобства в номерах для маломобильных гостей', 'value': '1048576'}]}, 'themesAndTypes': {'applied': False, 'items': [{'label': 'Бутик', 'value': '4'}, {'label': 'Для активного отдыха', 'value': '18'}, {'label': 'Для гольфа', 'value': '26'}, {'label': 'Для деловых людей', 'value': '14'}, {'label': 'Для лыжного спорта', 'value': '28'}, {'label': 'Для семейного отдыха', 'value': '25'}, {'label': 'Для шопинга', 'value': '17'}, {'label': 'Исторические', 'value': '2'}, {'label': 'Класса «люкс»', 'value': '15'}, {'label': 'На виноградниках', 'value': '19'}, {'label': 'Обслуживание гостей ЛГБТК', 'value': '21'}, {'label': 'Пляжные', 'value': '6'}, {'label': 'С казино', 'value': '8'}, {'label': 'Спа', 'value': '27'}]}, 'price': {'label': 'Стоимость (общая)', 'range': {'min': {'defaultValue': 0}, 'max': {'defaultValue': 25000}, 'increments': 250}, 'multiplier': 1}, 'welcomeRewards': {'label': 'Hotels.com™ Rewards', 'items': [{'label': 'Получите штампы', 'value': 'collect'}, {'label': 'Используйте бонусные* сутки', 'value': 'redeem'}]}}, 'pointOfSale': {'currency': {'code': 'RUB', 'symbol': 'RUB', 'separators': ',.', 'format': '{0} RUB'}}, 'miscellaneous': {'pageViewBeaconUrl': '/taps/v1/PageView?deviceType=App-Phone&sort-order=PRICE_HIGHEST_FIRST&rooms=1&destRegionID=1506246&hotelIds=487932,2314076192,117020&adults=1&userAgent=Hotels.com/Android%2080.0.1.9.release-80_0%20(80000660)&userGuid=43fb5c9f-eb1f-463b-b3f0-916583e451b3&pageName=Hotel-Search&slots=HSR_A,HSR_B,HSR_C,HSR_D,HSR_E,HSR_F,HSR_G,HSR_H,HSR_I,HSR_J&children=0&culture=ru_RU&testVersionOverride=4961.0,904.0,7561.0,7215.0,8218.0,8711.0,8928.1,9008.0,8347.2,9004.0,8952.0,7992.2,8915.0,9729.0,9864.0,10155.0,10185.0,10473.0,10320.0,10361.0&domain=ru.hotels.com&userIP=75.164.63.154&action=pageview&publisher=expedia&programId=1', 'showLegalInfoForStrikethroughPrices': True, 'legalInfoForStrikethroughPrices': 'Зачеркнутая цена основана на стандартном тарифе в нашем приложении, установленном и предоставленном объектом размещения.'}, 'pageInfo': {'pageType': 'dateless'}}, 'common': {'pointOfSale': {'numberSeparators': '\xa0,', 'brandName': 'Hotels.com'}, 'tracking': {'omniture': {'s.prop33': 'D=v33', 's.prop32': 'D=v43', 's.prop74': 'search result without dates | ms shown | N', 's.products': 'MULTISOURCE;9759603,LOCAL;72283631,MULTISOURCE;19712', 's.eVar16': 'Mob :: aApp', 's.eVar40': 'D=v0', 's.eVar41': 'RUB', 's.eVar63': '8f970337-bf64-4ab3-838e-7ebf88c97738', 's.eVar42': 'dateless', 's.eVar4': '|SI:anonymous|VS:returnVisitor|HCR:notApplicable|FC:notApplicable|NS:unknown|TI:notApplicable|SM:notApplicable|IR:anonymous|', 's.eVar43': 'ru_RU|HCOM_RU|ru.hotels.com', 's.eVar2': 'Нью-Йорк, Нью-Йорк, США', 's.eVar24': 'MCTC=20;TU=NA;PDID=NULL;MVT=', 's.eVar7': '', 's.server': 'ru.hotels.com', 's.eVar6': '1506246', 's.prop29': 'D=v42', 's.prop27': '43fb5c9f-eb1f-463b-b3f0-916583e451b3', 's.eVar9': 'Price - high to low', 's.eVar69': 'Mob :: aApp', 's.currencyCode': 'RUB', 's.eVar26': 'US:OR:PORTLAND:820', 's.eVar29': 'Mob :: aApp', 's.prop9': '1288', 's.eVar95': 'Unknown', 's.prop7': '1251', 's.eVar31': 'D=v0', 's.eVar32': 'D=v0', 's.eVar33': 'search result without dates', 's.eVar34': 'H1871:007.002,M904:000.000,M3736:000.000,M4440.2,M4869:001.000,M4952:050.001,M4961:001.000,M5184:001.000,M5342:000.000,M5663:000.000,M6388:000.000,M6775:000.000,M6779:000.000,M7015.1,M7192:000.000,M7215:000.000,M7296:000.000,M7305:000.000,M7353:000.000,M7362.0,M7552:023.001,M7870:000.000,M8336:000.000,M8347:019.002,M8692:000.000,M8698:000.000,M8718:000.000,M8915:000.000,M8928:019.001,M8952:000.000,M8976:000.000,M8992:000.000,M9035:000.000,M9220:000.000,M9297:000.000,M9351:000.000,M9431:000.000,M9469:000.000,M9549:000.000,M9729:000.000,M9752:000.000,M9864:000.000,M9924:006.002,M9961:000.000,M9971:000.000,M10001:000.000,M10007:000.000,M10013:002.001,M10121:000.000,M10137:000.000,M10155:000.000,M10185:000.000,M10248:000.000,M10259:000.000,M10268:000.000,M10282:000.000,M10300:000.000,M10320:000.000,M10361:000.000,M10473:000.000,M9215:001.001', 's.eVar13': '389273', 's.events': 'event324,event320', 's.prop18': 'D=v6', 's.prop5': '389273', 's.prop15': '', 's.prop3': 'Нью-Йорк, Нью-Йорк, США', 's.prop14': 'D=v7', 's.prop36': '|SI:anonymous|VS:returnVisitor|HCR:notApplicable|FC:notApplicable|NS:unknown|TI:notApplicable|SM:notApplicable|IR:anonymous|', 's.eVar93': 'aws.us-east-1.unknown', 's.prop2': 'Price - high to low'}}}}}
2022-08-28T18:29:58.294617+0300 | INFO | Next page: 2
2022-08-28T18:29:58.297610+0300 | INFO | Hotels in function structure_hotels_info: {'total_count': 1288, 'next_page': 2, 'results': [{'name': 'Baccarat Hotel and Residences New York', 'star_rating': 5.0, 'price': 71446.93, 'distance': '0,9 км', 'address': '28 West 53rd Street'}, {'name': 'The Ritz-Carlton New York, NoMad', 'star_rating': 5.0, 'price': 69363.55, 'distance': '1,3 км', 'address': '25 WEST 28TH STREET'}, {'name': 'The Mark', 'star_rating': 5.0, 'price': 67973.02, 'distance': '2,8 км', 'address': 'Madison Ave at 77th Street'}]}
2022-08-28T18:29:58.298639+0300 | INFO | Function generate_hotels_descriptions called with argument [{'name': 'Baccarat Hotel and Residences New York', 'star_rating': 5.0, 'price': 71446.93, 'distance': '0,9 км', 'address': '28 West 53rd Street'}, {'name': 'The Ritz-Carlton New York, NoMad', 'star_rating': 5.0, 'price': 69363.55, 'distance': '1,3 км', 'address': '25 WEST 28TH STREET'}, {'name': 'The Mark', 'star_rating': 5.0, 'price': 67973.02, 'distance': '2,8 км', 'address': 'Madison Ave at 77th Street'}]
2022-08-28T18:29:58.304591+0300 | INFO | Function get_hotels returned: ['Отель: Baccarat Hotel and Residences New York\nКласс отеля: ⭐⭐⭐⭐⭐\nСтоимость: 71446.93 RUB\nРасстояние до центра города: 0,9 км\nАдрес: 28 West 53rd Street\n', 'Отель: The Ritz-Carlton New York, NoMad\nКласс отеля: ⭐⭐⭐⭐⭐\nСтоимость: 69363.55 RUB\nРасстояние до центра города: 1,3 км\nАдрес: 25 WEST 28TH STREET\n', 'Отель: The Mark\nКласс отеля: ⭐⭐⭐⭐⭐\nСтоимость: 67973.02 RUB\nРасстояние до центра города: 2,8 км\nАдрес: Madison Ave at 77th Street\n']
2022-08-28T18:29:58.421694+0300 | INFO | Function get_parameters_information called with argument: {'content_type': 'text', 'id': 1124, 'message_id': 1124, 'from_user': {'id': 5136120598, 'is_bot': False, 'first_name': 'Константин', 'username': None, 'last_name': 'Давлетов', 'language_code': 'ru', 'can_join_groups': None, 'can_read_all_group_messages': None, 'supports_inline_queries': None, 'is_premium': None, 'added_to_attachment_menu': None}, 'date': 1661700596, 'chat': {'id': 5136120598, 'type': 'private', 'title': None, 'username': None, 'first_name': 'Константин', 'last_name': 'Давлетов', 'photo': None, 'bio': None, 'join_to_send_messages': None, 'join_by_request': None, 'has_private_forwards': None, 'description': None, 'invite_link': None, 'pinned_message': None, 'permissions': None, 'slow_mode_delay': None, 'message_auto_delete_time': None, 'has_protected_content': None, 'sticker_set_name': None, 'can_set_sticker_set': None, 'linked_chat_id': None, 'location': None}, 'sender_chat': None, 'forward_from': None, 'forward_from_chat': None, 'forward_from_message_id': None, 'forward_signature': None, 'forward_sender_name': None, 'forward_date': None, 'is_automatic_forward': None, 'reply_to_message': None, 'via_bot': None, 'edit_date': None, 'has_protected_content': None, 'media_group_id': None, 'author_signature': None, 'text': '3', 'entities': None, 'caption_entities': None, 'audio': None, 'document': None, 'photo': None, 'sticker': None, 'video': None, 'video_note': None, 'voice': None, 'caption': None, 'contact': None, 'location': None, 'venue': None, 'animation': None, 'dice': None, 'new_chat_member': None, 'new_chat_members': None, 'left_chat_member': None, 'new_chat_title': None, 'new_chat_photo': None, 'delete_chat_photo': None, 'group_chat_created': None, 'supergroup_chat_created': None, 'channel_chat_created': None, 'migrate_to_chat_id': None, 'migrate_from_chat_id': None, 'pinned_message': None, 'invoice': None, 'successful_payment': None, 'connected_website': None, 'reply_markup': None, 'json': {'message_id': 1124, 'from': {'id': 5136120598, 'is_bot': False, 'first_name': 'Константин', 'last_name': 'Давлетов', 'language_code': 'ru'}, 'chat': {'id': 5136120598, 'first_name': 'Константин', 'last_name': 'Давлетов', 'type': 'private'}, 'date': 1661700596, 'text': '3'}}
2022-08-28T18:29:58.423685+0300 | INFO | Search parameters: <b>Параметры поиска</b>
Город: Вест-Йеллоустоун, Монтана, США

